Start testing: Apr 19 06:22 UTC
----------------------------------------------------------
1/23 Testing: common_routing_algorithms_test
1/23 Test: common_routing_algorithms_test
Command: "/root/libsnark/build/libsnark/common_routing_algorithms_test"
Directory: /root/libsnark/build/libsnark
"common_routing_algorithms_test" start time: Apr 19 06:22 UTC
Output:
----------------------------------------------------------
Reset time counters for profiling
(enter) Test routing algorithms            	[             ]	(0.0000s x0.90 from start)
  (enter) Test Benes network routing algorithm	[             ]	(0.0000s x0.96 from start)
    * for all permutations on 8 elements
  (leave) Test Benes network routing algorithm	[0.0823s x1.00]	(0.0823s x1.00 from start)
  (enter) Test AS-Waksman network routing algorithm	[             ]	(0.0823s x1.00 from start)
    * for all permutations on 2 elements
    * for all permutations on 3 elements
    * for all permutations on 4 elements
    * for all permutations on 5 elements
    * for all permutations on 6 elements
    * for all permutations on 7 elements
    * for all permutations on 8 elements
    * for all permutations on 9 elements
  (leave) Test AS-Waksman network routing algorithm	[0.8967s x1.00]	(0.9790s x1.00 from start)
(leave) Test routing algorithms            	[0.9790s x1.00]	(0.9790s x1.00 from start)
<end of output>
Test time =   0.98 sec
----------------------------------------------------------
Test Passed.
"common_routing_algorithms_test" end time: Apr 19 06:22 UTC
"common_routing_algorithms_test" time elapsed: 00:00:00
----------------------------------------------------------

2/23 Testing: gadgetlib1_simple_test
2/23 Test: gadgetlib1_simple_test
Command: "/root/libsnark/build/libsnark/gadgetlib1_simple_test"
Directory: /root/libsnark/build/libsnark
"gadgetlib1_simple_test" start time: Apr 19 06:22 UTC
Output:
----------------------------------------------------------
[==========] Running 1 test from 1 test case.
[----------] Global test environment set-up.
[----------] 1 test from gadgetLib1
[ RUN      ] gadgetLib1.Integration
(enter) Call to run_r1cs_ppzksnark         	[             ]	(1650349347.2385s x0.00 from start)

================================================================================
R1CS ppzkSNARK Generator
================================================================================

  (enter) Call to r1cs_ppzksnark_generator   	[             ]	(1650349347.2385s x0.00 from start)
    (enter) Call to r1cs_constraint_system::swap_AB_if_beneficial	[             ]	(1650349347.2386s x0.00 from start)
      (enter) Estimate densities                 	[             ]	(1650349347.2386s x0.00 from start)
        * Non-zero A-count (estimate): 99
        * Non-zero B-count (estimate): 99
      (leave) Estimate densities                 	[0.0000s x1.03]	(1650349347.2386s x0.00 from start)
      Swap is not beneficial, not performing
    (leave) Call to r1cs_constraint_system::swap_AB_if_beneficial	[0.0000s x1.02]	(1650349347.2386s x0.00 from start)
    (enter) Call to r1cs_to_qap_instance_map_with_evaluation	[             ]	(1650349347.2386s x0.00 from start)
      (enter) Compute evaluations of A, B, C, H at t	[             ]	(1650349347.2388s x0.00 from start)
      (leave) Compute evaluations of A, B, C, H at t	[0.0008s x1.00]	(1650349347.2396s x0.00 from start)
    (leave) Call to r1cs_to_qap_instance_map_with_evaluation	[0.0010s x1.00]	(1650349347.2396s x0.00 from start)
    * QAP number of variables: 297
    * QAP pre degree: 99
    * QAP degree: 128
    * QAP number of input variables: 0
    (enter) Compute query densities            	[             ]	(1650349347.2396s x0.00 from start)
    (leave) Compute query densities            	[0.0000s x1.05]	(1650349347.2396s x0.00 from start)
    Choosing window size 8 for 927 elements
    Choosing window size 5 for 99 elements
    * G1 window: 8
    * G2 window: 5
    (enter) Generating G1 multiexp table       	[             ]	(1650349347.2399s x0.00 from start)
    (leave) Generating G1 multiexp table       	[0.0077s x1.00]	(1650349347.2476s x0.00 from start)
    (enter) Generating G2 multiexp table       	[             ]	(1650349347.2477s x0.00 from start)
    (leave) Generating G2 multiexp table       	[0.0022s x1.00]	(1650349347.2499s x0.00 from start)
    (enter) Generate R1CS proving key          	[             ]	(1650349347.2499s x0.00 from start)
      (enter) Generate knowledge commitments     	[             ]	(1650349347.2499s x0.00 from start)
        (enter) Compute the A-query                	[             ]	(1650349347.2499s x0.00 from start)
        Non-zero coordinate count: 100/299 (33.44%)
        (leave) Compute the A-query                	[0.0032s x1.00]	(1650349347.2531s x0.00 from start)
        (enter) Compute the B-query                	[             ]	(1650349347.2531s x0.00 from start)
        Non-zero coordinate count: 100/299 (33.44%)
        (leave) Compute the B-query                	[0.0077s x1.00]	(1650349347.2608s x0.00 from start)
        (enter) Compute the C-query                	[             ]	(1650349347.2608s x0.00 from start)
        Non-zero coordinate count: 100/299 (33.44%)
        (leave) Compute the C-query                	[0.0032s x1.00]	(1650349347.2639s x0.00 from start)
        (enter) Compute the H-query                	[             ]	(1650349347.2640s x0.00 from start)
        . DONE!
        (leave) Compute the H-query                	[0.0020s x1.00]	(1650349347.2660s x0.00 from start)
        (enter) Compute the K-query                	[             ]	(1650349347.2660s x0.00 from start)
        . DONE!
        (leave) Compute the K-query                	[0.0048s x1.00]	(1650349347.2708s x0.00 from start)
      (leave) Generate knowledge commitments     	[0.0209s x1.00]	(1650349347.2708s x0.00 from start)
    (leave) Generate R1CS proving key          	[0.0209s x1.00]	(1650349347.2708s x0.00 from start)
    (enter) Generate R1CS verification key     	[             ]	(1650349347.2708s x0.00 from start)
      (enter) Encode IC query for R1CS verification key	[             ]	(1650349347.2723s x0.00 from start)
         DONE!
      (leave) Encode IC query for R1CS verification key	[0.0001s x1.00]	(1650349347.2725s x0.00 from start)
    (leave) Generate R1CS verification key     	[0.0017s x1.00]	(1650349347.2725s x0.00 from start)
  (leave) Call to r1cs_ppzksnark_generator   	[0.0339s x1.00]	(1650349347.2725s x0.00 from start)
  * G1 elements in PK: 1925
  * Non-zero G1 elements in PK: 930
  * G2 elements in PK: 299
  * Non-zero G2 elements in PK: 100
  * PK size in bits: 307250
  * G1 elements in VK: 2
  * G2 elements in VK: 5
  * VK size in bits: 3310

  * Peak vsize (physical memory+swap) in mebibytes (after generator): 38

================================================================================
Preprocess verification key
================================================================================

  (enter) Call to r1cs_ppzksnark_verifier_process_vk	[             ]	(1650349347.2725s x0.00 from start)
    (enter) Call to bn128_ate_precompute_G2    	[             ]	(1650349347.2725s x0.00 from start)
    (leave) Call to bn128_ate_precompute_G2    	[0.0001s x1.01]	(1650349347.2726s x0.00 from start)
    (enter) Call to bn128_ate_precompute_G2    	[             ]	(1650349347.2726s x0.00 from start)
    (leave) Call to bn128_ate_precompute_G2    	[0.0001s x1.00]	(1650349347.2726s x0.00 from start)
    (enter) Call to bn128_ate_precompute_G1    	[             ]	(1650349347.2726s x0.00 from start)
    (leave) Call to bn128_ate_precompute_G1    	[0.0000s x1.03]	(1650349347.2727s x0.00 from start)
    (enter) Call to bn128_ate_precompute_G2    	[             ]	(1650349347.2727s x0.00 from start)
    (leave) Call to bn128_ate_precompute_G2    	[0.0001s x1.01]	(1650349347.2727s x0.00 from start)
    (enter) Call to bn128_ate_precompute_G2    	[             ]	(1650349347.2727s x0.00 from start)
    (leave) Call to bn128_ate_precompute_G2    	[0.0001s x1.00]	(1650349347.2728s x0.00 from start)
    (enter) Call to bn128_ate_precompute_G2    	[             ]	(1650349347.2728s x0.00 from start)
    (leave) Call to bn128_ate_precompute_G2    	[0.0001s x1.00]	(1650349347.2729s x0.00 from start)
    (enter) Call to bn128_ate_precompute_G1    	[             ]	(1650349347.2729s x0.00 from start)
    (leave) Call to bn128_ate_precompute_G1    	[0.0000s x1.04]	(1650349347.2729s x0.00 from start)
    (enter) Call to bn128_ate_precompute_G2    	[             ]	(1650349347.2729s x0.00 from start)
    (leave) Call to bn128_ate_precompute_G2    	[0.0001s x1.00]	(1650349347.2729s x0.00 from start)
  (leave) Call to r1cs_ppzksnark_verifier_process_vk	[0.0004s x1.00]	(1650349347.2729s x0.00 from start)

================================================================================
R1CS ppzkSNARK Prover
================================================================================

  (enter) Call to r1cs_ppzksnark_prover      	[             ]	(1650349347.2729s x0.00 from start)
    (enter) Compute the polynomial H           	[             ]	(1650349347.2730s x0.00 from start)
      (enter) Call to r1cs_to_qap_witness_map    	[             ]	(1650349347.2730s x0.00 from start)
        (enter) Compute evaluation of polynomials A, B on set S	[             ]	(1650349347.2730s x0.00 from start)
        (leave) Compute evaluation of polynomials A, B on set S	[0.0000s x1.03]	(1650349347.2730s x0.00 from start)
        (enter) Compute coefficients of polynomial A	[             ]	(1650349347.2730s x0.00 from start)
        (leave) Compute coefficients of polynomial A	[0.0001s x1.01]	(1650349347.2731s x0.00 from start)
        (enter) Compute coefficients of polynomial B	[             ]	(1650349347.2731s x0.00 from start)
        (leave) Compute coefficients of polynomial B	[0.0001s x1.01]	(1650349347.2732s x0.00 from start)
        (enter) Compute ZK-patch                   	[             ]	(1650349347.2732s x0.00 from start)
        (leave) Compute ZK-patch                   	[0.0000s x1.03]	(1650349347.2732s x0.00 from start)
        (enter) Compute evaluation of polynomial A on set T	[             ]	(1650349347.2732s x0.00 from start)
        (leave) Compute evaluation of polynomial A on set T	[0.0001s x1.01]	(1650349347.2732s x0.00 from start)
        (enter) Compute evaluation of polynomial B on set T	[             ]	(1650349347.2732s x0.00 from start)
        (leave) Compute evaluation of polynomial B on set T	[0.0001s x1.00]	(1650349347.2733s x0.00 from start)
        (enter) Compute evaluation of polynomial H on set T	[             ]	(1650349347.2733s x0.00 from start)
          (enter) Compute evaluation of polynomial C on set S	[             ]	(1650349347.2733s x0.00 from start)
          (leave) Compute evaluation of polynomial C on set S	[0.0000s x1.05]	(1650349347.2733s x0.00 from start)
          (enter) Compute coefficients of polynomial C	[             ]	(1650349347.2733s x0.00 from start)
          (leave) Compute coefficients of polynomial C	[0.0001s x1.01]	(1650349347.2734s x0.00 from start)
          (enter) Compute evaluation of polynomial C on set T	[             ]	(1650349347.2734s x0.00 from start)
          (leave) Compute evaluation of polynomial C on set T	[0.0001s x1.01]	(1650349347.2735s x0.00 from start)
          (enter) Divide by Z on set T               	[             ]	(1650349347.2735s x0.00 from start)
          (leave) Divide by Z on set T               	[0.0000s x1.04]	(1650349347.2735s x0.00 from start)
        (leave) Compute evaluation of polynomial H on set T	[0.0002s x1.00]	(1650349347.2735s x0.00 from start)
        (enter) Compute coefficients of polynomial H	[             ]	(1650349347.2735s x0.00 from start)
        (leave) Compute coefficients of polynomial H	[0.0001s x1.00]	(1650349347.2736s x0.00 from start)
        (enter) Compute sum of H and ZK-patch      	[             ]	(1650349347.2736s x0.00 from start)
        (leave) Compute sum of H and ZK-patch      	[0.0000s x1.13]	(1650349347.2736s x0.00 from start)
      (leave) Call to r1cs_to_qap_witness_map    	[0.0006s x1.00]	(1650349347.2736s x0.00 from start)
    (leave) Compute the polynomial H           	[0.0006s x1.00]	(1650349347.2736s x0.00 from start)
    (enter) Compute the proof                  	[             ]	(1650349347.2748s x0.00 from start)
      (enter) Compute answer to A-query          	[             ]	(1650349347.2748s x0.00 from start)
      (enter) Process scalar vector              	[             ]	(1650349347.2748s x0.00 from start)
        * Elements of w skipped: 0 (0.00%)
        * Elements of w processed with special addition: 0 (0.00%)
        * Elements of w remaining: 99 (100.00%)
      (leave) Process scalar vector              	[0.0000s x1.05]	(1650349347.2748s x0.00 from start)
      (leave) Compute answer to A-query          	[0.0047s x1.00]	(1650349347.2794s x0.00 from start)
      (enter) Compute answer to B-query          	[             ]	(1650349347.2794s x0.00 from start)
      (enter) Process scalar vector              	[             ]	(1650349347.2794s x0.00 from start)
        * Elements of w skipped: 0 (0.00%)
        * Elements of w processed with special addition: 0 (0.00%)
        * Elements of w remaining: 99 (100.00%)
      (leave) Process scalar vector              	[0.0000s x1.02]	(1650349347.2794s x0.00 from start)
      (leave) Compute answer to B-query          	[0.0081s x1.00]	(1650349347.2876s x0.00 from start)
      (enter) Compute answer to C-query          	[             ]	(1650349347.2876s x0.00 from start)
      (enter) Process scalar vector              	[             ]	(1650349347.2876s x0.00 from start)
        * Elements of w skipped: 0 (0.00%)
        * Elements of w processed with special addition: 0 (0.00%)
        * Elements of w remaining: 99 (100.00%)
      (leave) Process scalar vector              	[0.0000s x1.03]	(1650349347.2876s x0.00 from start)
      (leave) Compute answer to C-query          	[0.0047s x1.00]	(1650349347.2923s x0.00 from start)
      (enter) Compute answer to H-query          	[             ]	(1650349347.2923s x0.00 from start)
      (leave) Compute answer to H-query          	[0.0059s x1.00]	(1650349347.2982s x0.00 from start)
      (enter) Compute answer to K-query          	[             ]	(1650349347.2982s x0.00 from start)
      (enter) Process scalar vector              	[             ]	(1650349347.2982s x0.00 from start)
        * Elements of w skipped: 0 (0.00%)
        * Elements of w processed with special addition: 0 (0.00%)
        * Elements of w remaining: 297 (100.00%)
      (leave) Process scalar vector              	[0.0000s x1.03]	(1650349347.2982s x0.00 from start)
      (leave) Compute answer to K-query          	[0.0062s x1.00]	(1650349347.3044s x0.00 from start)
    (leave) Compute the proof                  	[0.0297s x1.00]	(1650349347.3044s x0.00 from start)
  (leave) Call to r1cs_ppzksnark_prover      	[0.0315s x1.00]	(1650349347.3044s x0.00 from start)
  * G1 elements in proof: 7
  * G2 elements in proof: 1
  * Proof size in bits: 2294

  * Peak vsize (physical memory+swap) in mebibytes (after prover): 38

================================================================================
R1CS ppzkSNARK Verifier
================================================================================

  (enter) Call to r1cs_ppzksnark_verifier_strong_IC	[             ]	(1650349347.3044s x0.00 from start)
    (enter) Call to r1cs_ppzksnark_verifier_process_vk	[             ]	(1650349347.3044s x0.00 from start)
      (enter) Call to bn128_ate_precompute_G2    	[             ]	(1650349347.3044s x0.00 from start)
      (leave) Call to bn128_ate_precompute_G2    	[0.0001s x1.01]	(1650349347.3045s x0.00 from start)
      (enter) Call to bn128_ate_precompute_G2    	[             ]	(1650349347.3045s x0.00 from start)
      (leave) Call to bn128_ate_precompute_G2    	[0.0001s x1.00]	(1650349347.3046s x0.00 from start)
      (enter) Call to bn128_ate_precompute_G1    	[             ]	(1650349347.3046s x0.00 from start)
      (leave) Call to bn128_ate_precompute_G1    	[0.0000s x1.06]	(1650349347.3046s x0.00 from start)
      (enter) Call to bn128_ate_precompute_G2    	[             ]	(1650349347.3046s x0.00 from start)
      (leave) Call to bn128_ate_precompute_G2    	[0.0001s x1.00]	(1650349347.3046s x0.00 from start)
      (enter) Call to bn128_ate_precompute_G2    	[             ]	(1650349347.3047s x0.00 from start)
      (leave) Call to bn128_ate_precompute_G2    	[0.0001s x1.00]	(1650349347.3047s x0.00 from start)
      (enter) Call to bn128_ate_precompute_G2    	[             ]	(1650349347.3047s x0.00 from start)
      (leave) Call to bn128_ate_precompute_G2    	[0.0001s x1.00]	(1650349347.3048s x0.00 from start)
      (enter) Call to bn128_ate_precompute_G1    	[             ]	(1650349347.3048s x0.00 from start)
      (leave) Call to bn128_ate_precompute_G1    	[0.0000s x1.04]	(1650349347.3048s x0.00 from start)
      (enter) Call to bn128_ate_precompute_G2    	[             ]	(1650349347.3048s x0.00 from start)
      (leave) Call to bn128_ate_precompute_G2    	[0.0001s x1.00]	(1650349347.3049s x0.00 from start)
    (leave) Call to r1cs_ppzksnark_verifier_process_vk	[0.0004s x1.00]	(1650349347.3049s x0.00 from start)
    (enter) Call to r1cs_ppzksnark_online_verifier_strong_IC	[             ]	(1650349347.3049s x0.00 from start)
      (enter) Call to r1cs_ppzksnark_online_verifier_weak_IC	[             ]	(1650349347.3049s x0.00 from start)
        (enter) Compute input-dependent part of A  	[             ]	(1650349347.3049s x0.00 from start)
        (leave) Compute input-dependent part of A  	[0.0000s x1.14]	(1650349347.3049s x0.00 from start)
        (enter) Check if the proof is well-formed  	[             ]	(1650349347.3049s x0.00 from start)
        (leave) Check if the proof is well-formed  	[0.0000s x1.11]	(1650349347.3049s x0.00 from start)
        (enter) Online pairing computations        	[             ]	(1650349347.3049s x0.00 from start)
          (enter) Check knowledge commitment for A is valid	[             ]	(1650349347.3049s x0.00 from start)
            (enter) Call to bn128_ate_precompute_G1    	[             ]	(1650349347.3049s x0.00 from start)
            (leave) Call to bn128_ate_precompute_G1    	[0.0000s x1.05]	(1650349347.3049s x0.00 from start)
            (enter) Call to bn128_ate_precompute_G1    	[             ]	(1650349347.3049s x0.00 from start)
            (leave) Call to bn128_ate_precompute_G1    	[0.0000s x1.03]	(1650349347.3049s x0.00 from start)
            (enter) Call to miller_loop<bn128_pp>      	[             ]	(1650349347.3049s x0.00 from start)
            (leave) Call to miller_loop<bn128_pp>      	[0.0001s x1.00]	(1650349347.3051s x0.00 from start)
            (enter) Call to miller_loop<bn128_pp>      	[             ]	(1650349347.3051s x0.00 from start)
            (leave) Call to miller_loop<bn128_pp>      	[0.0001s x1.00]	(1650349347.3052s x0.00 from start)
            (enter) Call to bn128_final_exponentiation 	[             ]	(1650349347.3052s x0.00 from start)
            (leave) Call to bn128_final_exponentiation 	[0.0002s x1.00]	(1650349347.3054s x0.00 from start)
          (leave) Check knowledge commitment for A is valid	[0.0006s x1.00]	(1650349347.3055s x0.00 from start)
          (enter) Check knowledge commitment for B is valid	[             ]	(1650349347.3055s x0.00 from start)
            (enter) Call to bn128_ate_precompute_G2    	[             ]	(1650349347.3055s x0.00 from start)
            (leave) Call to bn128_ate_precompute_G2    	[0.0001s x1.00]	(1650349347.3055s x0.00 from start)
            (enter) Call to bn128_ate_precompute_G1    	[             ]	(1650349347.3055s x0.00 from start)
            (leave) Call to bn128_ate_precompute_G1    	[0.0000s x1.03]	(1650349347.3055s x0.00 from start)
            (enter) Call to miller_loop<bn128_pp>      	[             ]	(1650349347.3055s x0.00 from start)
            (leave) Call to miller_loop<bn128_pp>      	[0.0001s x1.00]	(1650349347.3057s x0.00 from start)
            (enter) Call to miller_loop<bn128_pp>      	[             ]	(1650349347.3057s x0.00 from start)
            (leave) Call to miller_loop<bn128_pp>      	[0.0001s x0.98]	(1650349347.3058s x0.00 from start)
            (enter) Call to bn128_final_exponentiation 	[             ]	(1650349347.3058s x0.00 from start)
            (leave) Call to bn128_final_exponentiation 	[0.0002s x1.00]	(1650349347.3061s x0.00 from start)
          (leave) Check knowledge commitment for B is valid	[0.0006s x1.00]	(1650349347.3061s x0.00 from start)
          (enter) Check knowledge commitment for C is valid	[             ]	(1650349347.3061s x0.00 from start)
            (enter) Call to bn128_ate_precompute_G1    	[             ]	(1650349347.3061s x0.00 from start)
            (leave) Call to bn128_ate_precompute_G1    	[0.0000s x1.04]	(1650349347.3061s x0.00 from start)
            (enter) Call to bn128_ate_precompute_G1    	[             ]	(1650349347.3061s x0.00 from start)
            (leave) Call to bn128_ate_precompute_G1    	[0.0000s x1.03]	(1650349347.3061s x0.00 from start)
            (enter) Call to miller_loop<bn128_pp>      	[             ]	(1650349347.3061s x0.00 from start)
            (leave) Call to miller_loop<bn128_pp>      	[0.0001s x1.00]	(1650349347.3062s x0.00 from start)
            (enter) Call to miller_loop<bn128_pp>      	[             ]	(1650349347.3063s x0.00 from start)
            (leave) Call to miller_loop<bn128_pp>      	[0.0001s x1.00]	(1650349347.3064s x0.00 from start)
            (enter) Call to bn128_final_exponentiation 	[             ]	(1650349347.3064s x0.00 from start)
            (leave) Call to bn128_final_exponentiation 	[0.0002s x1.00]	(1650349347.3066s x0.00 from start)
          (leave) Check knowledge commitment for C is valid	[0.0006s x1.00]	(1650349347.3066s x0.00 from start)
          (enter) Check QAP divisibility             	[             ]	(1650349347.3066s x0.00 from start)
            (enter) Call to bn128_ate_precompute_G1    	[             ]	(1650349347.3066s x0.00 from start)
            (leave) Call to bn128_ate_precompute_G1    	[0.0000s x1.04]	(1650349347.3067s x0.00 from start)
            (enter) Call to bn128_ate_precompute_G1    	[             ]	(1650349347.3067s x0.00 from start)
            (leave) Call to bn128_ate_precompute_G1    	[0.0000s x1.03]	(1650349347.3067s x0.00 from start)
            (enter) Call to miller_loop<bn128_pp>      	[             ]	(1650349347.3067s x0.00 from start)
            (leave) Call to miller_loop<bn128_pp>      	[0.0001s x1.00]	(1650349347.3068s x0.00 from start)
            (enter) Call to double_miller_loop<bn128_pp>	[             ]	(1650349347.3068s x0.00 from start)
            (leave) Call to double_miller_loop<bn128_pp>	[0.0002s x1.00]	(1650349347.3070s x0.00 from start)
            (enter) Call to bn128_final_exponentiation 	[             ]	(1650349347.3070s x0.00 from start)
            (leave) Call to bn128_final_exponentiation 	[0.0002s x1.00]	(1650349347.3073s x0.00 from start)
          (leave) Check QAP divisibility             	[0.0006s x1.00]	(1650349347.3073s x0.00 from start)
          (enter) Check same coefficients were used  	[             ]	(1650349347.3073s x0.00 from start)
            (enter) Call to bn128_ate_precompute_G1    	[             ]	(1650349347.3073s x0.00 from start)
            (leave) Call to bn128_ate_precompute_G1    	[0.0000s x1.05]	(1650349347.3073s x0.00 from start)
            (enter) Call to bn128_ate_precompute_G1    	[             ]	(1650349347.3073s x0.00 from start)
            (leave) Call to bn128_ate_precompute_G1    	[0.0000s x1.03]	(1650349347.3073s x0.00 from start)
            (enter) Call to miller_loop<bn128_pp>      	[             ]	(1650349347.3073s x0.00 from start)
            (leave) Call to miller_loop<bn128_pp>      	[0.0001s x1.00]	(1650349347.3075s x0.00 from start)
            (enter) Call to double_miller_loop<bn128_pp>	[             ]	(1650349347.3075s x0.00 from start)
            (leave) Call to double_miller_loop<bn128_pp>	[0.0002s x1.00]	(1650349347.3077s x0.00 from start)
            (enter) Call to bn128_final_exponentiation 	[             ]	(1650349347.3077s x0.00 from start)
            (leave) Call to bn128_final_exponentiation 	[0.0002s x1.00]	(1650349347.3079s x0.00 from start)
          (leave) Check same coefficients were used  	[0.0006s x1.00]	(1650349347.3079s x0.00 from start)
        (leave) Online pairing computations        	[0.0031s x1.00]	(1650349347.3079s x0.00 from start)
      (leave) Call to r1cs_ppzksnark_online_verifier_weak_IC	[0.0031s x1.00]	(1650349347.3079s x0.00 from start)
    (leave) Call to r1cs_ppzksnark_online_verifier_strong_IC	[0.0031s x1.00]	(1650349347.3080s x0.00 from start)
  (leave) Call to r1cs_ppzksnark_verifier_strong_IC	[0.0035s x1.00]	(1650349347.3080s x0.00 from start)

  * Peak vsize (physical memory+swap) in mebibytes (after verifier): 38
* The verification result is: PASS

================================================================================
R1CS ppzkSNARK Online Verifier
================================================================================

  (enter) Call to r1cs_ppzksnark_online_verifier_strong_IC	[             ]	(1650349347.3080s x0.00 from start)
    (enter) Call to r1cs_ppzksnark_online_verifier_weak_IC	[             ]	(1650349347.3080s x0.00 from start)
      (enter) Compute input-dependent part of A  	[             ]	(1650349347.3080s x0.00 from start)
      (leave) Compute input-dependent part of A  	[0.0000s x1.19]	(1650349347.3080s x0.00 from start)
      (enter) Check if the proof is well-formed  	[             ]	(1650349347.3080s x0.00 from start)
      (leave) Check if the proof is well-formed  	[0.0000s x1.16]	(1650349347.3080s x0.00 from start)
      (enter) Online pairing computations        	[             ]	(1650349347.3080s x0.00 from start)
        (enter) Check knowledge commitment for A is valid	[             ]	(1650349347.3080s x0.00 from start)
          (enter) Call to bn128_ate_precompute_G1    	[             ]	(1650349347.3080s x0.00 from start)
          (leave) Call to bn128_ate_precompute_G1    	[0.0000s x1.05]	(1650349347.3080s x0.00 from start)
          (enter) Call to bn128_ate_precompute_G1    	[             ]	(1650349347.3080s x0.00 from start)
          (leave) Call to bn128_ate_precompute_G1    	[0.0000s x1.03]	(1650349347.3080s x0.00 from start)
          (enter) Call to miller_loop<bn128_pp>      	[             ]	(1650349347.3080s x0.00 from start)
          (leave) Call to miller_loop<bn128_pp>      	[0.0001s x1.00]	(1650349347.3082s x0.00 from start)
          (enter) Call to miller_loop<bn128_pp>      	[             ]	(1650349347.3082s x0.00 from start)
          (leave) Call to miller_loop<bn128_pp>      	[0.0001s x1.00]	(1650349347.3083s x0.00 from start)
          (enter) Call to bn128_final_exponentiation 	[             ]	(1650349347.3083s x0.00 from start)
          (leave) Call to bn128_final_exponentiation 	[0.0002s x1.00]	(1650349347.3085s x0.00 from start)
        (leave) Check knowledge commitment for A is valid	[0.0006s x1.00]	(1650349347.3085s x0.00 from start)
        (enter) Check knowledge commitment for B is valid	[             ]	(1650349347.3085s x0.00 from start)
          (enter) Call to bn128_ate_precompute_G2    	[             ]	(1650349347.3086s x0.00 from start)
          (leave) Call to bn128_ate_precompute_G2    	[0.0001s x1.00]	(1650349347.3086s x0.00 from start)
          (enter) Call to bn128_ate_precompute_G1    	[             ]	(1650349347.3086s x0.00 from start)
          (leave) Call to bn128_ate_precompute_G1    	[0.0000s x1.03]	(1650349347.3086s x0.00 from start)
          (enter) Call to miller_loop<bn128_pp>      	[             ]	(1650349347.3086s x0.00 from start)
          (leave) Call to miller_loop<bn128_pp>      	[0.0001s x1.00]	(1650349347.3088s x0.00 from start)
          (enter) Call to miller_loop<bn128_pp>      	[             ]	(1650349347.3088s x0.00 from start)
          (leave) Call to miller_loop<bn128_pp>      	[0.0001s x1.00]	(1650349347.3089s x0.00 from start)
          (enter) Call to bn128_final_exponentiation 	[             ]	(1650349347.3089s x0.00 from start)
          (leave) Call to bn128_final_exponentiation 	[0.0002s x1.00]	(1650349347.3092s x0.00 from start)
        (leave) Check knowledge commitment for B is valid	[0.0006s x1.00]	(1650349347.3092s x0.00 from start)
        (enter) Check knowledge commitment for C is valid	[             ]	(1650349347.3092s x0.00 from start)
          (enter) Call to bn128_ate_precompute_G1    	[             ]	(1650349347.3092s x0.00 from start)
          (leave) Call to bn128_ate_precompute_G1    	[0.0000s x1.04]	(1650349347.3092s x0.00 from start)
          (enter) Call to bn128_ate_precompute_G1    	[             ]	(1650349347.3092s x0.00 from start)
          (leave) Call to bn128_ate_precompute_G1    	[0.0000s x1.04]	(1650349347.3092s x0.00 from start)
          (enter) Call to miller_loop<bn128_pp>      	[             ]	(1650349347.3092s x0.00 from start)
          (leave) Call to miller_loop<bn128_pp>      	[0.0001s x1.00]	(1650349347.3093s x0.00 from start)
          (enter) Call to miller_loop<bn128_pp>      	[             ]	(1650349347.3093s x0.00 from start)
          (leave) Call to miller_loop<bn128_pp>      	[0.0001s x1.00]	(1650349347.3095s x0.00 from start)
          (enter) Call to bn128_final_exponentiation 	[             ]	(1650349347.3095s x0.00 from start)
          (leave) Call to bn128_final_exponentiation 	[0.0002s x1.00]	(1650349347.3097s x0.00 from start)
        (leave) Check knowledge commitment for C is valid	[0.0006s x1.00]	(1650349347.3097s x0.00 from start)
        (enter) Check QAP divisibility             	[             ]	(1650349347.3097s x0.00 from start)
          (enter) Call to bn128_ate_precompute_G1    	[             ]	(1650349347.3097s x0.00 from start)
          (leave) Call to bn128_ate_precompute_G1    	[0.0000s x1.05]	(1650349347.3097s x0.00 from start)
          (enter) Call to bn128_ate_precompute_G1    	[             ]	(1650349347.3097s x0.00 from start)
          (leave) Call to bn128_ate_precompute_G1    	[0.0000s x1.03]	(1650349347.3097s x0.00 from start)
          (enter) Call to miller_loop<bn128_pp>      	[             ]	(1650349347.3097s x0.00 from start)
          (leave) Call to miller_loop<bn128_pp>      	[0.0001s x1.00]	(1650349347.3099s x0.00 from start)
          (enter) Call to double_miller_loop<bn128_pp>	[             ]	(1650349347.3099s x0.00 from start)
          (leave) Call to double_miller_loop<bn128_pp>	[0.0002s x1.00]	(1650349347.3101s x0.00 from start)
          (enter) Call to bn128_final_exponentiation 	[             ]	(1650349347.3101s x0.00 from start)
          (leave) Call to bn128_final_exponentiation 	[0.0002s x1.00]	(1650349347.3104s x0.00 from start)
        (leave) Check QAP divisibility             	[0.0006s x1.00]	(1650349347.3104s x0.00 from start)
        (enter) Check same coefficients were used  	[             ]	(1650349347.3104s x0.00 from start)
          (enter) Call to bn128_ate_precompute_G1    	[             ]	(1650349347.3104s x0.00 from start)
          (leave) Call to bn128_ate_precompute_G1    	[0.0000s x1.05]	(1650349347.3104s x0.00 from start)
          (enter) Call to bn128_ate_precompute_G1    	[             ]	(1650349347.3104s x0.00 from start)
          (leave) Call to bn128_ate_precompute_G1    	[0.0000s x1.04]	(1650349347.3104s x0.00 from start)
          (enter) Call to miller_loop<bn128_pp>      	[             ]	(1650349347.3104s x0.00 from start)
          (leave) Call to miller_loop<bn128_pp>      	[0.0001s x1.00]	(1650349347.3105s x0.00 from start)
          (enter) Call to double_miller_loop<bn128_pp>	[             ]	(1650349347.3105s x0.00 from start)
          (leave) Call to double_miller_loop<bn128_pp>	[0.0002s x1.00]	(1650349347.3108s x0.00 from start)
          (enter) Call to bn128_final_exponentiation 	[             ]	(1650349347.3108s x0.00 from start)
          (leave) Call to bn128_final_exponentiation 	[0.0002s x1.00]	(1650349347.3110s x0.00 from start)
        (leave) Check same coefficients were used  	[0.0006s x1.00]	(1650349347.3110s x0.00 from start)
      (leave) Online pairing computations        	[0.0030s x1.00]	(1650349347.3110s x0.00 from start)
    (leave) Call to r1cs_ppzksnark_online_verifier_weak_IC	[0.0030s x1.00]	(1650349347.3110s x0.00 from start)
  (leave) Call to r1cs_ppzksnark_online_verifier_strong_IC	[0.0030s x1.00]	(1650349347.3110s x0.00 from start)

================================================================================
R1CS ppzkSNARK Affine Verifier
================================================================================

Affine verifier is not supported; not testing anything.
(leave) Call to run_r1cs_ppzksnark         	[0.0725s x1.00]	(1650349347.3110s x0.00 from start)
[       OK ] gadgetLib1.Integration (79 ms)
[----------] 1 test from gadgetLib1 (79 ms total)

[----------] Global test environment tear-down
[==========] 1 test from 1 test case ran. (79 ms total)
[  PASSED  ] 1 test.
<end of output>
Test time =   0.08 sec
----------------------------------------------------------
Test Passed.
"gadgetlib1_simple_test" end time: Apr 19 06:22 UTC
"gadgetlib1_simple_test" time elapsed: 00:00:00
----------------------------------------------------------

3/23 Testing: gadgetlib1_r1cs_ppzksnark_verifier_gadget_test
3/23 Test: gadgetlib1_r1cs_ppzksnark_verifier_gadget_test
Command: "/root/libsnark/build/libsnark/gadgetlib1_r1cs_ppzksnark_verifier_gadget_test"
Directory: /root/libsnark/build/libsnark
"gadgetlib1_r1cs_ppzksnark_verifier_gadget_test" start time: Apr 19 06:22 UTC
Output:
----------------------------------------------------------
All tests here depend on assert() which is disabled by -DNDEBUG. Please recompile and run again.
<end of output>
Test time =   0.00 sec
----------------------------------------------------------
Test Passed.
"gadgetlib1_r1cs_ppzksnark_verifier_gadget_test" end time: Apr 19 06:22 UTC
"gadgetlib1_r1cs_ppzksnark_verifier_gadget_test" time elapsed: 00:00:00
----------------------------------------------------------

4/23 Testing: gadgetlib2_adapters_test
4/23 Test: gadgetlib2_adapters_test
Command: "/root/libsnark/build/libsnark/gadgetlib2_adapters_test"
Directory: /root/libsnark/build/libsnark
"gadgetlib2_adapters_test" start time: Apr 19 06:22 UTC
Output:
----------------------------------------------------------
Running main() from gtest_main.cc
[==========] Running 6 tests from 1 test case.
[----------] Global test environment set-up.
[----------] 6 tests from GadgetLibAdapter
[ RUN      ] GadgetLibAdapter.LinearTerm
[       OK ] GadgetLibAdapter.LinearTerm (1 ms)
[ RUN      ] GadgetLibAdapter.LinearCombination
[       OK ] GadgetLibAdapter.LinearCombination (0 ms)
[ RUN      ] GadgetLibAdapter.Constraint
[       OK ] GadgetLibAdapter.Constraint (1 ms)
[ RUN      ] GadgetLibAdapter.ConstraintSystem
[       OK ] GadgetLibAdapter.ConstraintSystem (0 ms)
[ RUN      ] GadgetLibAdapter.VariableAssignment
[       OK ] GadgetLibAdapter.VariableAssignment (0 ms)
[ RUN      ] GadgetLibAdapter.Protoboard
[       OK ] GadgetLibAdapter.Protoboard (0 ms)
[----------] 6 tests from GadgetLibAdapter (2 ms total)

[----------] Global test environment tear-down
[==========] 6 tests from 1 test case ran. (2 ms total)
[  PASSED  ] 6 tests.
<end of output>
Test time =   0.01 sec
----------------------------------------------------------
Test Passed.
"gadgetlib2_adapters_test" end time: Apr 19 06:22 UTC
"gadgetlib2_adapters_test" time elapsed: 00:00:00
----------------------------------------------------------

5/23 Testing: gadgetlib2_constraint_test
5/23 Test: gadgetlib2_constraint_test
Command: "/root/libsnark/build/libsnark/gadgetlib2_constraint_test"
Directory: /root/libsnark/build/libsnark
"gadgetlib2_constraint_test" start time: Apr 19 06:22 UTC
Output:
----------------------------------------------------------
Running main() from gtest_main.cc
[==========] Running 1 test from 1 test case.
[----------] Global test environment set-up.
[----------] 1 test from gadgetLib2
[ RUN      ] gadgetLib2.Rank1Constraint
[       OK ] gadgetLib2.Rank1Constraint (1 ms)
[----------] 1 test from gadgetLib2 (1 ms total)

[----------] Global test environment tear-down
[==========] 1 test from 1 test case ran. (1 ms total)
[  PASSED  ] 1 test.
<end of output>
Test time =   0.01 sec
----------------------------------------------------------
Test Passed.
"gadgetlib2_constraint_test" end time: Apr 19 06:22 UTC
"gadgetlib2_constraint_test" time elapsed: 00:00:00
----------------------------------------------------------

6/23 Testing: gadgetlib2_gadget_test
6/23 Test: gadgetlib2_gadget_test
Command: "/root/libsnark/build/libsnark/gadgetlib2_gadget_test"
Directory: /root/libsnark/build/libsnark
"gadgetlib2_gadget_test" start time: Apr 19 06:22 UTC
Output:
----------------------------------------------------------
Running main() from gtest_main.cc
[==========] Running 11 tests from 1 test case.
[----------] Global test environment set-up.
[----------] 11 tests from gadgetLib2
[ RUN      ] gadgetLib2.R1P_AND_Gadget_SimpleTest
[       OK ] gadgetLib2.R1P_AND_Gadget_SimpleTest (1 ms)
[ RUN      ] gadgetLib2.R1P_ANDGadget_ExhaustiveTest
[       OK ] gadgetLib2.R1P_ANDGadget_ExhaustiveTest (1 ms)
[ RUN      ] gadgetLib2.BinaryAND_Gadget
[       OK ] gadgetLib2.BinaryAND_Gadget (0 ms)
[ RUN      ] gadgetLib2.R1P_ORGadget_Exhaustive
[       OK ] gadgetLib2.R1P_ORGadget_Exhaustive (0 ms)
[ RUN      ] gadgetLib2.BinaryOR_Gadget
[       OK ] gadgetLib2.BinaryOR_Gadget (0 ms)
[ RUN      ] gadgetLib2.R1P_InnerProductGadget_Exhaustive
[       OK ] gadgetLib2.R1P_InnerProductGadget_Exhaustive (3 ms)
[ RUN      ] gadgetLib2.R1P_LooseMUX_Gadget_Exhaustive
[       OK ] gadgetLib2.R1P_LooseMUX_Gadget_Exhaustive (2 ms)
[ RUN      ] gadgetLib2.R1P_Packing_Gadgets
[       OK ] gadgetLib2.R1P_Packing_Gadgets (3 ms)
[ RUN      ] gadgetLib2.R1P_EqualsConst_Gadget
[       OK ] gadgetLib2.R1P_EqualsConst_Gadget (0 ms)
[ RUN      ] gadgetLib2.ConditionalFlag_Gadget
[       OK ] gadgetLib2.ConditionalFlag_Gadget (0 ms)
[ RUN      ] gadgetLib2.LogicImplication_Gadget
[       OK ] gadgetLib2.LogicImplication_Gadget (0 ms)
[----------] 11 tests from gadgetLib2 (10 ms total)

[----------] Global test environment tear-down
[==========] 11 tests from 1 test case ran. (10 ms total)
[  PASSED  ] 11 tests.
<end of output>
Test time =   0.01 sec
----------------------------------------------------------
Test Passed.
"gadgetlib2_gadget_test" end time: Apr 19 06:22 UTC
"gadgetlib2_gadget_test" time elapsed: 00:00:00
----------------------------------------------------------

7/23 Testing: gadgetlib2_integration_test
7/23 Test: gadgetlib2_integration_test
Command: "/root/libsnark/build/libsnark/gadgetlib2_integration_test"
Directory: /root/libsnark/build/libsnark
"gadgetlib2_integration_test" start time: Apr 19 06:22 UTC
Output:
----------------------------------------------------------
Running main() from gtest_main.cc
[==========] Running 1 test from 1 test case.
[----------] Global test environment set-up.
[----------] 1 test from gadgetLib2
[ RUN      ] gadgetLib2.Integration
(enter) Call to run_r1cs_ppzksnark         	[             ]	(1650349347.3500s x0.00 from start)

================================================================================
R1CS ppzkSNARK Generator
================================================================================

  (enter) Call to r1cs_ppzksnark_generator   	[             ]	(1650349347.3500s x0.00 from start)
    (enter) Call to r1cs_constraint_system::swap_AB_if_beneficial	[             ]	(1650349347.3501s x0.00 from start)
      (enter) Estimate densities                 	[             ]	(1650349347.3501s x0.00 from start)
        * Non-zero A-count (estimate): 101
        * Non-zero B-count (estimate): 101
      (leave) Estimate densities                 	[0.0000s x1.03]	(1650349347.3501s x0.00 from start)
      Swap is not beneficial, not performing
    (leave) Call to r1cs_constraint_system::swap_AB_if_beneficial	[0.0000s x1.02]	(1650349347.3501s x0.00 from start)
    (enter) Call to r1cs_to_qap_instance_map_with_evaluation	[             ]	(1650349347.3502s x0.00 from start)
      (enter) Compute evaluations of A, B, C, H at t	[             ]	(1650349347.3503s x0.00 from start)
      (leave) Compute evaluations of A, B, C, H at t	[0.0008s x1.00]	(1650349347.3511s x0.00 from start)
    (leave) Call to r1cs_to_qap_instance_map_with_evaluation	[0.0010s x1.00]	(1650349347.3512s x0.00 from start)
    * QAP number of variables: 301
    * QAP pre degree: 100
    * QAP degree: 128
    * QAP number of input variables: 0
    (enter) Compute query densities            	[             ]	(1650349347.3512s x0.00 from start)
    (leave) Compute query densities            	[0.0000s x1.03]	(1650349347.3512s x0.00 from start)
    Choosing window size 8 for 936 elements
    Choosing window size 5 for 100 elements
    * G1 window: 8
    * G2 window: 5
    (enter) Generating G1 multiexp table       	[             ]	(1650349347.3515s x0.00 from start)
    (leave) Generating G1 multiexp table       	[0.0081s x1.00]	(1650349347.3596s x0.00 from start)
    (enter) Generating G2 multiexp table       	[             ]	(1650349347.3596s x0.00 from start)
    (leave) Generating G2 multiexp table       	[0.0023s x1.00]	(1650349347.3619s x0.00 from start)
    (enter) Generate R1CS proving key          	[             ]	(1650349347.3619s x0.00 from start)
      (enter) Generate knowledge commitments     	[             ]	(1650349347.3619s x0.00 from start)
        (enter) Compute the A-query                	[             ]	(1650349347.3619s x0.00 from start)
        Non-zero coordinate count: 101/303 (33.33%)
        (leave) Compute the A-query                	[0.0032s x1.00]	(1650349347.3651s x0.00 from start)
        (enter) Compute the B-query                	[             ]	(1650349347.3651s x0.00 from start)
        Non-zero coordinate count: 101/303 (33.33%)
        (leave) Compute the B-query                	[0.0078s x1.00]	(1650349347.3729s x0.00 from start)
        (enter) Compute the C-query                	[             ]	(1650349347.3729s x0.00 from start)
        Non-zero coordinate count: 101/303 (33.33%)
        (leave) Compute the C-query                	[0.0032s x1.00]	(1650349347.3761s x0.00 from start)
        (enter) Compute the H-query                	[             ]	(1650349347.3761s x0.00 from start)
        . DONE!
        (leave) Compute the H-query                	[0.0020s x1.00]	(1650349347.3782s x0.00 from start)
        (enter) Compute the K-query                	[             ]	(1650349347.3782s x0.00 from start)
        . DONE!
        (leave) Compute the K-query                	[0.0048s x1.00]	(1650349347.3830s x0.00 from start)
      (leave) Generate knowledge commitments     	[0.0211s x1.00]	(1650349347.3830s x0.00 from start)
    (leave) Generate R1CS proving key          	[0.0211s x1.00]	(1650349347.3830s x0.00 from start)
    (enter) Generate R1CS verification key     	[             ]	(1650349347.3830s x0.00 from start)
      (enter) Encode IC query for R1CS verification key	[             ]	(1650349347.3846s x0.00 from start)
         DONE!
      (leave) Encode IC query for R1CS verification key	[0.0001s x1.00]	(1650349347.3847s x0.00 from start)
    (leave) Generate R1CS verification key     	[0.0017s x1.00]	(1650349347.3847s x0.00 from start)
  (leave) Call to r1cs_ppzksnark_generator   	[0.0347s x1.00]	(1650349347.3847s x0.00 from start)
  * G1 elements in PK: 1949
  * Non-zero G1 elements in PK: 939
  * G2 elements in PK: 303
  * Non-zero G2 elements in PK: 101
  * PK size in bits: 310246
  * G1 elements in VK: 2
  * G2 elements in VK: 5
  * VK size in bits: 3310

  * Peak vsize (physical memory+swap) in mebibytes (after generator): 39

================================================================================
Preprocess verification key
================================================================================

  (enter) Call to r1cs_ppzksnark_verifier_process_vk	[             ]	(1650349347.3848s x0.00 from start)
    (enter) Call to bn128_ate_precompute_G2    	[             ]	(1650349347.3848s x0.00 from start)
    (leave) Call to bn128_ate_precompute_G2    	[0.0001s x1.01]	(1650349347.3848s x0.00 from start)
    (enter) Call to bn128_ate_precompute_G2    	[             ]	(1650349347.3848s x0.00 from start)
    (leave) Call to bn128_ate_precompute_G2    	[0.0001s x1.00]	(1650349347.3849s x0.00 from start)
    (enter) Call to bn128_ate_precompute_G1    	[             ]	(1650349347.3849s x0.00 from start)
    (leave) Call to bn128_ate_precompute_G1    	[0.0000s x1.04]	(1650349347.3849s x0.00 from start)
    (enter) Call to bn128_ate_precompute_G2    	[             ]	(1650349347.3849s x0.00 from start)
    (leave) Call to bn128_ate_precompute_G2    	[0.0001s x1.00]	(1650349347.3850s x0.00 from start)
    (enter) Call to bn128_ate_precompute_G2    	[             ]	(1650349347.3850s x0.00 from start)
    (leave) Call to bn128_ate_precompute_G2    	[0.0001s x1.00]	(1650349347.3850s x0.00 from start)
    (enter) Call to bn128_ate_precompute_G2    	[             ]	(1650349347.3851s x0.00 from start)
    (leave) Call to bn128_ate_precompute_G2    	[0.0001s x1.00]	(1650349347.3851s x0.00 from start)
    (enter) Call to bn128_ate_precompute_G1    	[             ]	(1650349347.3851s x0.00 from start)
    (leave) Call to bn128_ate_precompute_G1    	[0.0000s x1.03]	(1650349347.3851s x0.00 from start)
    (enter) Call to bn128_ate_precompute_G2    	[             ]	(1650349347.3851s x0.00 from start)
    (leave) Call to bn128_ate_precompute_G2    	[0.0001s x1.00]	(1650349347.3852s x0.00 from start)
  (leave) Call to r1cs_ppzksnark_verifier_process_vk	[0.0004s x1.00]	(1650349347.3852s x0.00 from start)

================================================================================
R1CS ppzkSNARK Prover
================================================================================

  (enter) Call to r1cs_ppzksnark_prover      	[             ]	(1650349347.3852s x0.00 from start)
    (enter) Compute the polynomial H           	[             ]	(1650349347.3853s x0.00 from start)
      (enter) Call to r1cs_to_qap_witness_map    	[             ]	(1650349347.3853s x0.00 from start)
        (enter) Compute evaluation of polynomials A, B on set S	[             ]	(1650349347.3853s x0.00 from start)
        (leave) Compute evaluation of polynomials A, B on set S	[0.0000s x1.01]	(1650349347.3853s x0.00 from start)
        (enter) Compute coefficients of polynomial A	[             ]	(1650349347.3853s x0.00 from start)
        (leave) Compute coefficients of polynomial A	[0.0001s x1.01]	(1650349347.3854s x0.00 from start)
        (enter) Compute coefficients of polynomial B	[             ]	(1650349347.3854s x0.00 from start)
        (leave) Compute coefficients of polynomial B	[0.0001s x1.01]	(1650349347.3854s x0.00 from start)
        (enter) Compute ZK-patch                   	[             ]	(1650349347.3854s x0.00 from start)
        (leave) Compute ZK-patch                   	[0.0000s x1.03]	(1650349347.3855s x0.00 from start)
        (enter) Compute evaluation of polynomial A on set T	[             ]	(1650349347.3855s x0.00 from start)
        (leave) Compute evaluation of polynomial A on set T	[0.0001s x1.01]	(1650349347.3855s x0.00 from start)
        (enter) Compute evaluation of polynomial B on set T	[             ]	(1650349347.3855s x0.00 from start)
        (leave) Compute evaluation of polynomial B on set T	[0.0001s x1.01]	(1650349347.3856s x0.00 from start)
        (enter) Compute evaluation of polynomial H on set T	[             ]	(1650349347.3856s x0.00 from start)
          (enter) Compute evaluation of polynomial C on set S	[             ]	(1650349347.3856s x0.00 from start)
          (leave) Compute evaluation of polynomial C on set S	[0.0000s x1.02]	(1650349347.3856s x0.00 from start)
          (enter) Compute coefficients of polynomial C	[             ]	(1650349347.3856s x0.00 from start)
          (leave) Compute coefficients of polynomial C	[0.0001s x1.00]	(1650349347.3857s x0.00 from start)
          (enter) Compute evaluation of polynomial C on set T	[             ]	(1650349347.3857s x0.00 from start)
          (leave) Compute evaluation of polynomial C on set T	[0.0001s x0.79]	(1650349347.3858s x0.00 from start)
          (enter) Divide by Z on set T               	[             ]	(1650349347.3858s x0.00 from start)
          (leave) Divide by Z on set T               	[0.0000s x1.04]	(1650349347.3858s x0.00 from start)
        (leave) Compute evaluation of polynomial H on set T	[0.0002s x0.91]	(1650349347.3858s x0.00 from start)
        (enter) Compute coefficients of polynomial H	[             ]	(1650349347.3858s x0.00 from start)
        (leave) Compute coefficients of polynomial H	[0.0001s x1.00]	(1650349347.3859s x0.00 from start)
        (enter) Compute sum of H and ZK-patch      	[             ]	(1650349347.3859s x0.00 from start)
        (leave) Compute sum of H and ZK-patch      	[0.0000s x1.15]	(1650349347.3859s x0.00 from start)
      (leave) Call to r1cs_to_qap_witness_map    	[0.0006s x0.97]	(1650349347.3859s x0.00 from start)
    (leave) Compute the polynomial H           	[0.0006s x0.97]	(1650349347.3859s x0.00 from start)
    (enter) Compute the proof                  	[             ]	(1650349347.3871s x0.00 from start)
      (enter) Compute answer to A-query          	[             ]	(1650349347.3871s x0.00 from start)
      (enter) Process scalar vector              	[             ]	(1650349347.3871s x0.00 from start)
        * Elements of w skipped: 50 (50.00%)
        * Elements of w processed with special addition: 50 (50.00%)
        * Elements of w remaining: 0 (0.00%)
      (leave) Process scalar vector              	[0.0001s x1.01]	(1650349347.3871s x0.00 from start)
      (leave) Compute answer to A-query          	[0.0001s x1.01]	(1650349347.3871s x0.00 from start)
      (enter) Compute answer to B-query          	[             ]	(1650349347.3871s x0.00 from start)
      (enter) Process scalar vector              	[             ]	(1650349347.3871s x0.00 from start)
        * Elements of w skipped: 44 (44.00%)
        * Elements of w processed with special addition: 56 (56.00%)
        * Elements of w remaining: 0 (0.00%)
      (leave) Process scalar vector              	[0.0001s x1.00]	(1650349347.3872s x0.00 from start)
      (leave) Compute answer to B-query          	[0.0001s x1.01]	(1650349347.3872s x0.00 from start)
      (enter) Compute answer to C-query          	[             ]	(1650349347.3872s x0.00 from start)
      (enter) Process scalar vector              	[             ]	(1650349347.3872s x0.00 from start)
        * Elements of w skipped: 1 (1.00%)
        * Elements of w processed with special addition: 1 (1.00%)
        * Elements of w remaining: 98 (98.00%)
      (leave) Process scalar vector              	[0.0000s x1.02]	(1650349347.3872s x0.00 from start)
      (leave) Compute answer to C-query          	[0.0002s x1.00]	(1650349347.3874s x0.00 from start)
      (enter) Compute answer to H-query          	[             ]	(1650349347.3874s x0.00 from start)
      (leave) Compute answer to H-query          	[0.0059s x1.00]	(1650349347.3933s x0.00 from start)
      (enter) Compute answer to K-query          	[             ]	(1650349347.3933s x0.00 from start)
      (enter) Process scalar vector              	[             ]	(1650349347.3933s x0.00 from start)
        * Elements of w skipped: 96 (31.89%)
        * Elements of w processed with special addition: 107 (35.55%)
        * Elements of w remaining: 98 (32.56%)
      (leave) Process scalar vector              	[0.0001s x1.00]	(1650349347.3934s x0.00 from start)
      (leave) Compute answer to K-query          	[0.0001s x1.00]	(1650349347.3934s x0.00 from start)
    (leave) Compute the proof                  	[0.0064s x1.00]	(1650349347.3935s x0.00 from start)
  (leave) Call to r1cs_ppzksnark_prover      	[0.0083s x1.00]	(1650349347.3935s x0.00 from start)
  * G1 elements in proof: 7
  * G2 elements in proof: 1
  * Proof size in bits: 2294

  * Peak vsize (physical memory+swap) in mebibytes (after prover): 39

================================================================================
R1CS ppzkSNARK Verifier
================================================================================

  (enter) Call to r1cs_ppzksnark_verifier_strong_IC	[             ]	(1650349347.3935s x0.00 from start)
    (enter) Call to r1cs_ppzksnark_verifier_process_vk	[             ]	(1650349347.3935s x0.00 from start)
      (enter) Call to bn128_ate_precompute_G2    	[             ]	(1650349347.3935s x0.00 from start)
      (leave) Call to bn128_ate_precompute_G2    	[0.0001s x1.01]	(1650349347.3935s x0.00 from start)
      (enter) Call to bn128_ate_precompute_G2    	[             ]	(1650349347.3935s x0.00 from start)
      (leave) Call to bn128_ate_precompute_G2    	[0.0001s x1.00]	(1650349347.3936s x0.00 from start)
      (enter) Call to bn128_ate_precompute_G1    	[             ]	(1650349347.3936s x0.00 from start)
      (leave) Call to bn128_ate_precompute_G1    	[0.0000s x1.05]	(1650349347.3936s x0.00 from start)
      (enter) Call to bn128_ate_precompute_G2    	[             ]	(1650349347.3936s x0.00 from start)
      (leave) Call to bn128_ate_precompute_G2    	[0.0001s x1.00]	(1650349347.3937s x0.00 from start)
      (enter) Call to bn128_ate_precompute_G2    	[             ]	(1650349347.3937s x0.00 from start)
      (leave) Call to bn128_ate_precompute_G2    	[0.0001s x0.96]	(1650349347.3938s x0.00 from start)
      (enter) Call to bn128_ate_precompute_G2    	[             ]	(1650349347.3938s x0.00 from start)
      (leave) Call to bn128_ate_precompute_G2    	[0.0001s x1.00]	(1650349347.3938s x0.00 from start)
      (enter) Call to bn128_ate_precompute_G1    	[             ]	(1650349347.3938s x0.00 from start)
      (leave) Call to bn128_ate_precompute_G1    	[0.0000s x1.03]	(1650349347.3938s x0.00 from start)
      (enter) Call to bn128_ate_precompute_G2    	[             ]	(1650349347.3938s x0.00 from start)
      (leave) Call to bn128_ate_precompute_G2    	[0.0001s x1.00]	(1650349347.3939s x0.00 from start)
    (leave) Call to r1cs_ppzksnark_verifier_process_vk	[0.0004s x0.99]	(1650349347.3939s x0.00 from start)
    (enter) Call to r1cs_ppzksnark_online_verifier_strong_IC	[             ]	(1650349347.3939s x0.00 from start)
      (enter) Call to r1cs_ppzksnark_online_verifier_weak_IC	[             ]	(1650349347.3939s x0.00 from start)
        (enter) Compute input-dependent part of A  	[             ]	(1650349347.3939s x0.00 from start)
        (leave) Compute input-dependent part of A  	[0.0000s x1.15]	(1650349347.3939s x0.00 from start)
        (enter) Check if the proof is well-formed  	[             ]	(1650349347.3939s x0.00 from start)
        (leave) Check if the proof is well-formed  	[0.0000s x1.12]	(1650349347.3939s x0.00 from start)
        (enter) Online pairing computations        	[             ]	(1650349347.3939s x0.00 from start)
          (enter) Check knowledge commitment for A is valid	[             ]	(1650349347.3939s x0.00 from start)
            (enter) Call to bn128_ate_precompute_G1    	[             ]	(1650349347.3939s x0.00 from start)
            (leave) Call to bn128_ate_precompute_G1    	[0.0000s x1.04]	(1650349347.3939s x0.00 from start)
            (enter) Call to bn128_ate_precompute_G1    	[             ]	(1650349347.3940s x0.00 from start)
            (leave) Call to bn128_ate_precompute_G1    	[0.0000s x1.03]	(1650349347.3940s x0.00 from start)
            (enter) Call to miller_loop<bn128_pp>      	[             ]	(1650349347.3940s x0.00 from start)
            (leave) Call to miller_loop<bn128_pp>      	[0.0001s x1.00]	(1650349347.3941s x0.00 from start)
            (enter) Call to miller_loop<bn128_pp>      	[             ]	(1650349347.3941s x0.00 from start)
            (leave) Call to miller_loop<bn128_pp>      	[0.0001s x1.00]	(1650349347.3943s x0.00 from start)
            (enter) Call to bn128_final_exponentiation 	[             ]	(1650349347.3943s x0.00 from start)
            (leave) Call to bn128_final_exponentiation 	[0.0002s x1.00]	(1650349347.3945s x0.00 from start)
          (leave) Check knowledge commitment for A is valid	[0.0006s x1.00]	(1650349347.3945s x0.00 from start)
          (enter) Check knowledge commitment for B is valid	[             ]	(1650349347.3945s x0.00 from start)
            (enter) Call to bn128_ate_precompute_G2    	[             ]	(1650349347.3945s x0.00 from start)
            (leave) Call to bn128_ate_precompute_G2    	[0.0001s x1.00]	(1650349347.3946s x0.00 from start)
            (enter) Call to bn128_ate_precompute_G1    	[             ]	(1650349347.3946s x0.00 from start)
            (leave) Call to bn128_ate_precompute_G1    	[0.0000s x1.03]	(1650349347.3946s x0.00 from start)
            (enter) Call to miller_loop<bn128_pp>      	[             ]	(1650349347.3946s x0.00 from start)
            (leave) Call to miller_loop<bn128_pp>      	[0.0001s x1.00]	(1650349347.3947s x0.00 from start)
            (enter) Call to miller_loop<bn128_pp>      	[             ]	(1650349347.3947s x0.00 from start)
            (leave) Call to miller_loop<bn128_pp>      	[0.0001s x1.00]	(1650349347.3949s x0.00 from start)
            (enter) Call to bn128_final_exponentiation 	[             ]	(1650349347.3949s x0.00 from start)
            (leave) Call to bn128_final_exponentiation 	[0.0002s x1.00]	(1650349347.3951s x0.00 from start)
          (leave) Check knowledge commitment for B is valid	[0.0006s x1.00]	(1650349347.3951s x0.00 from start)
          (enter) Check knowledge commitment for C is valid	[             ]	(1650349347.3951s x0.00 from start)
            (enter) Call to bn128_ate_precompute_G1    	[             ]	(1650349347.3951s x0.00 from start)
            (leave) Call to bn128_ate_precompute_G1    	[0.0000s x1.04]	(1650349347.3951s x0.00 from start)
            (enter) Call to bn128_ate_precompute_G1    	[             ]	(1650349347.3951s x0.00 from start)
            (leave) Call to bn128_ate_precompute_G1    	[0.0000s x1.03]	(1650349347.3951s x0.00 from start)
            (enter) Call to miller_loop<bn128_pp>      	[             ]	(1650349347.3952s x0.00 from start)
            (leave) Call to miller_loop<bn128_pp>      	[0.0001s x1.00]	(1650349347.3953s x0.00 from start)
            (enter) Call to miller_loop<bn128_pp>      	[             ]	(1650349347.3953s x0.00 from start)
            (leave) Call to miller_loop<bn128_pp>      	[0.0001s x1.00]	(1650349347.3954s x0.00 from start)
            (enter) Call to bn128_final_exponentiation 	[             ]	(1650349347.3954s x0.00 from start)
            (leave) Call to bn128_final_exponentiation 	[0.0002s x1.00]	(1650349347.3957s x0.00 from start)
          (leave) Check knowledge commitment for C is valid	[0.0006s x1.00]	(1650349347.3957s x0.00 from start)
          (enter) Check QAP divisibility             	[             ]	(1650349347.3957s x0.00 from start)
            (enter) Call to bn128_ate_precompute_G1    	[             ]	(1650349347.3957s x0.00 from start)
            (leave) Call to bn128_ate_precompute_G1    	[0.0000s x1.04]	(1650349347.3957s x0.00 from start)
            (enter) Call to bn128_ate_precompute_G1    	[             ]	(1650349347.3957s x0.00 from start)
            (leave) Call to bn128_ate_precompute_G1    	[0.0000s x1.03]	(1650349347.3957s x0.00 from start)
            (enter) Call to miller_loop<bn128_pp>      	[             ]	(1650349347.3957s x0.00 from start)
            (leave) Call to miller_loop<bn128_pp>      	[0.0001s x1.00]	(1650349347.3959s x0.00 from start)
            (enter) Call to double_miller_loop<bn128_pp>	[             ]	(1650349347.3959s x0.00 from start)
            (leave) Call to double_miller_loop<bn128_pp>	[0.0002s x1.00]	(1650349347.3961s x0.00 from start)
            (enter) Call to bn128_final_exponentiation 	[             ]	(1650349347.3961s x0.00 from start)
            (leave) Call to bn128_final_exponentiation 	[0.0002s x1.00]	(1650349347.3963s x0.00 from start)
          (leave) Check QAP divisibility             	[0.0006s x1.00]	(1650349347.3963s x0.00 from start)
          (enter) Check same coefficients were used  	[             ]	(1650349347.3963s x0.00 from start)
            (enter) Call to bn128_ate_precompute_G1    	[             ]	(1650349347.3963s x0.00 from start)
            (leave) Call to bn128_ate_precompute_G1    	[0.0000s x1.05]	(1650349347.3964s x0.00 from start)
            (enter) Call to bn128_ate_precompute_G1    	[             ]	(1650349347.3964s x0.00 from start)
            (leave) Call to bn128_ate_precompute_G1    	[0.0000s x1.03]	(1650349347.3964s x0.00 from start)
            (enter) Call to miller_loop<bn128_pp>      	[             ]	(1650349347.3964s x0.00 from start)
            (leave) Call to miller_loop<bn128_pp>      	[0.0001s x1.00]	(1650349347.3965s x0.00 from start)
            (enter) Call to double_miller_loop<bn128_pp>	[             ]	(1650349347.3965s x0.00 from start)
            (leave) Call to double_miller_loop<bn128_pp>	[0.0002s x1.00]	(1650349347.3967s x0.00 from start)
            (enter) Call to bn128_final_exponentiation 	[             ]	(1650349347.3967s x0.00 from start)
            (leave) Call to bn128_final_exponentiation 	[0.0002s x1.00]	(1650349347.3970s x0.00 from start)
          (leave) Check same coefficients were used  	[0.0006s x1.00]	(1650349347.3970s x0.00 from start)
        (leave) Online pairing computations        	[0.0031s x1.00]	(1650349347.3970s x0.00 from start)
      (leave) Call to r1cs_ppzksnark_online_verifier_weak_IC	[0.0031s x1.00]	(1650349347.3970s x0.00 from start)
    (leave) Call to r1cs_ppzksnark_online_verifier_strong_IC	[0.0031s x1.00]	(1650349347.3970s x0.00 from start)
  (leave) Call to r1cs_ppzksnark_verifier_strong_IC	[0.0035s x1.00]	(1650349347.3970s x0.00 from start)

  * Peak vsize (physical memory+swap) in mebibytes (after verifier): 39
* The verification result is: PASS

================================================================================
R1CS ppzkSNARK Online Verifier
================================================================================

  (enter) Call to r1cs_ppzksnark_online_verifier_strong_IC	[             ]	(1650349347.3970s x0.00 from start)
    (enter) Call to r1cs_ppzksnark_online_verifier_weak_IC	[             ]	(1650349347.3970s x0.00 from start)
      (enter) Compute input-dependent part of A  	[             ]	(1650349347.3970s x0.00 from start)
      (leave) Compute input-dependent part of A  	[0.0000s x1.18]	(1650349347.3970s x0.00 from start)
      (enter) Check if the proof is well-formed  	[             ]	(1650349347.3970s x0.00 from start)
      (leave) Check if the proof is well-formed  	[0.0000s x1.14]	(1650349347.3970s x0.00 from start)
      (enter) Online pairing computations        	[             ]	(1650349347.3970s x0.00 from start)
        (enter) Check knowledge commitment for A is valid	[             ]	(1650349347.3970s x0.00 from start)
          (enter) Call to bn128_ate_precompute_G1    	[             ]	(1650349347.3970s x0.00 from start)
          (leave) Call to bn128_ate_precompute_G1    	[0.0000s x1.04]	(1650349347.3970s x0.00 from start)
          (enter) Call to bn128_ate_precompute_G1    	[             ]	(1650349347.3971s x0.00 from start)
          (leave) Call to bn128_ate_precompute_G1    	[0.0000s x1.03]	(1650349347.3971s x0.00 from start)
          (enter) Call to miller_loop<bn128_pp>      	[             ]	(1650349347.3971s x0.00 from start)
          (leave) Call to miller_loop<bn128_pp>      	[0.0001s x1.00]	(1650349347.3972s x0.00 from start)
          (enter) Call to miller_loop<bn128_pp>      	[             ]	(1650349347.3972s x0.00 from start)
          (leave) Call to miller_loop<bn128_pp>      	[0.0001s x1.00]	(1650349347.3973s x0.00 from start)
          (enter) Call to bn128_final_exponentiation 	[             ]	(1650349347.3974s x0.00 from start)
          (leave) Call to bn128_final_exponentiation 	[0.0002s x1.00]	(1650349347.3976s x0.00 from start)
        (leave) Check knowledge commitment for A is valid	[0.0006s x1.00]	(1650349347.3976s x0.00 from start)
        (enter) Check knowledge commitment for B is valid	[             ]	(1650349347.3976s x0.00 from start)
          (enter) Call to bn128_ate_precompute_G2    	[             ]	(1650349347.3976s x0.00 from start)
          (leave) Call to bn128_ate_precompute_G2    	[0.0001s x1.00]	(1650349347.3977s x0.00 from start)
          (enter) Call to bn128_ate_precompute_G1    	[             ]	(1650349347.3977s x0.00 from start)
          (leave) Call to bn128_ate_precompute_G1    	[0.0000s x1.04]	(1650349347.3977s x0.00 from start)
          (enter) Call to miller_loop<bn128_pp>      	[             ]	(1650349347.3977s x0.00 from start)
          (leave) Call to miller_loop<bn128_pp>      	[0.0001s x1.00]	(1650349347.3978s x0.00 from start)
          (enter) Call to miller_loop<bn128_pp>      	[             ]	(1650349347.3978s x0.00 from start)
          (leave) Call to miller_loop<bn128_pp>      	[0.0001s x1.00]	(1650349347.3980s x0.00 from start)
          (enter) Call to bn128_final_exponentiation 	[             ]	(1650349347.3980s x0.00 from start)
          (leave) Call to bn128_final_exponentiation 	[0.0002s x1.00]	(1650349347.3982s x0.00 from start)
        (leave) Check knowledge commitment for B is valid	[0.0006s x1.00]	(1650349347.3982s x0.00 from start)
        (enter) Check knowledge commitment for C is valid	[             ]	(1650349347.3982s x0.00 from start)
          (enter) Call to bn128_ate_precompute_G1    	[             ]	(1650349347.3982s x0.00 from start)
          (leave) Call to bn128_ate_precompute_G1    	[0.0000s x1.04]	(1650349347.3982s x0.00 from start)
          (enter) Call to bn128_ate_precompute_G1    	[             ]	(1650349347.3982s x0.00 from start)
          (leave) Call to bn128_ate_precompute_G1    	[0.0000s x1.03]	(1650349347.3982s x0.00 from start)
          (enter) Call to miller_loop<bn128_pp>      	[             ]	(1650349347.3982s x0.00 from start)
          (leave) Call to miller_loop<bn128_pp>      	[0.0001s x1.00]	(1650349347.3984s x0.00 from start)
          (enter) Call to miller_loop<bn128_pp>      	[             ]	(1650349347.3984s x0.00 from start)
          (leave) Call to miller_loop<bn128_pp>      	[0.0001s x1.00]	(1650349347.3985s x0.00 from start)
          (enter) Call to bn128_final_exponentiation 	[             ]	(1650349347.3985s x0.00 from start)
          (leave) Call to bn128_final_exponentiation 	[0.0002s x1.00]	(1650349347.3988s x0.00 from start)
        (leave) Check knowledge commitment for C is valid	[0.0006s x1.00]	(1650349347.3988s x0.00 from start)
        (enter) Check QAP divisibility             	[             ]	(1650349347.3988s x0.00 from start)
          (enter) Call to bn128_ate_precompute_G1    	[             ]	(1650349347.3988s x0.00 from start)
          (leave) Call to bn128_ate_precompute_G1    	[0.0000s x1.04]	(1650349347.3988s x0.00 from start)
          (enter) Call to bn128_ate_precompute_G1    	[             ]	(1650349347.3988s x0.00 from start)
          (leave) Call to bn128_ate_precompute_G1    	[0.0000s x1.03]	(1650349347.3988s x0.00 from start)
          (enter) Call to miller_loop<bn128_pp>      	[             ]	(1650349347.3988s x0.00 from start)
          (leave) Call to miller_loop<bn128_pp>      	[0.0001s x1.00]	(1650349347.3989s x0.00 from start)
          (enter) Call to double_miller_loop<bn128_pp>	[             ]	(1650349347.3989s x0.00 from start)
          (leave) Call to double_miller_loop<bn128_pp>	[0.0002s x1.00]	(1650349347.3992s x0.00 from start)
          (enter) Call to bn128_final_exponentiation 	[             ]	(1650349347.3992s x0.00 from start)
          (leave) Call to bn128_final_exponentiation 	[0.0002s x1.00]	(1650349347.3994s x0.00 from start)
        (leave) Check QAP divisibility             	[0.0006s x1.00]	(1650349347.3994s x0.00 from start)
        (enter) Check same coefficients were used  	[             ]	(1650349347.3994s x0.00 from start)
          (enter) Call to bn128_ate_precompute_G1    	[             ]	(1650349347.3994s x0.00 from start)
          (leave) Call to bn128_ate_precompute_G1    	[0.0000s x1.05]	(1650349347.3994s x0.00 from start)
          (enter) Call to bn128_ate_precompute_G1    	[             ]	(1650349347.3994s x0.00 from start)
          (leave) Call to bn128_ate_precompute_G1    	[0.0000s x1.03]	(1650349347.3994s x0.00 from start)
          (enter) Call to miller_loop<bn128_pp>      	[             ]	(1650349347.3994s x0.00 from start)
          (leave) Call to miller_loop<bn128_pp>      	[0.0001s x1.00]	(1650349347.3996s x0.00 from start)
          (enter) Call to double_miller_loop<bn128_pp>	[             ]	(1650349347.3996s x0.00 from start)
          (leave) Call to double_miller_loop<bn128_pp>	[0.0002s x1.00]	(1650349347.3998s x0.00 from start)
          (enter) Call to bn128_final_exponentiation 	[             ]	(1650349347.3998s x0.00 from start)
          (leave) Call to bn128_final_exponentiation 	[0.0002s x1.00]	(1650349347.4001s x0.00 from start)
        (leave) Check same coefficients were used  	[0.0006s x1.00]	(1650349347.4001s x0.00 from start)
      (leave) Online pairing computations        	[0.0030s x1.00]	(1650349347.4001s x0.00 from start)
    (leave) Call to r1cs_ppzksnark_online_verifier_weak_IC	[0.0031s x1.00]	(1650349347.4001s x0.00 from start)
  (leave) Call to r1cs_ppzksnark_online_verifier_strong_IC	[0.0031s x1.00]	(1650349347.4001s x0.00 from start)

================================================================================
R1CS ppzkSNARK Affine Verifier
================================================================================

Affine verifier is not supported; not testing anything.
(leave) Call to run_r1cs_ppzksnark         	[0.0501s x1.00]	(1650349347.4001s x0.00 from start)
[       OK ] gadgetLib2.Integration (53 ms)
[----------] 1 test from gadgetLib2 (53 ms total)

[----------] Global test environment tear-down
[==========] 1 test from 1 test case ran. (53 ms total)
[  PASSED  ] 1 test.
<end of output>
Test time =   0.06 sec
----------------------------------------------------------
Test Passed.
"gadgetlib2_integration_test" end time: Apr 19 06:22 UTC
"gadgetlib2_integration_test" time elapsed: 00:00:00
----------------------------------------------------------

8/23 Testing: gadgetlib2_protoboard_test
8/23 Test: gadgetlib2_protoboard_test
Command: "/root/libsnark/build/libsnark/gadgetlib2_protoboard_test"
Directory: /root/libsnark/build/libsnark
"gadgetlib2_protoboard_test" start time: Apr 19 06:22 UTC
Output:
----------------------------------------------------------
Running main() from gtest_main.cc
[==========] Running 4 tests from 1 test case.
[----------] Global test environment set-up.
[----------] 4 tests from gadgetLib2
[ RUN      ] gadgetLib2.R1P_enforceBooleanity
[       OK ] gadgetLib2.R1P_enforceBooleanity (1 ms)
[ RUN      ] gadgetLib2.Protoboard_unpackedWordAssignmentEqualsValue_R1P
[       OK ] gadgetLib2.Protoboard_unpackedWordAssignmentEqualsValue_R1P (0 ms)
[ RUN      ] gadgetLib2.Protoboard_multipackedWordAssignmentEqualsValue_R1P
ERROR:  Fatal error encountered. Run debug build for more information and stack trace.

[       OK ] gadgetLib2.Protoboard_multipackedWordAssignmentEqualsValue_R1P (1 ms)
[ RUN      ] gadgetLib2.Protoboard_dualWordAssignmentEqualsValue_R1P
[       OK ] gadgetLib2.Protoboard_dualWordAssignmentEqualsValue_R1P (0 ms)
[----------] 4 tests from gadgetLib2 (2 ms total)

[----------] Global test environment tear-down
[==========] 4 tests from 1 test case ran. (2 ms total)
[  PASSED  ] 4 tests.
<end of output>
Test time =   0.01 sec
----------------------------------------------------------
Test Passed.
"gadgetlib2_protoboard_test" end time: Apr 19 06:22 UTC
"gadgetlib2_protoboard_test" time elapsed: 00:00:00
----------------------------------------------------------

9/23 Testing: gadgetlib2_variable_test
9/23 Test: gadgetlib2_variable_test
Command: "/root/libsnark/build/libsnark/gadgetlib2_variable_test"
Directory: /root/libsnark/build/libsnark
"gadgetlib2_variable_test" start time: Apr 19 06:22 UTC
Output:
----------------------------------------------------------
Running main() from gtest_main.cc
[==========] Running 51 tests from 1 test case.
[----------] Global test environment set-up.
[----------] 51 tests from gadgetLib2
[ RUN      ] gadgetLib2.VariableNaming
[       OK ] gadgetLib2.VariableNaming (0 ms)
[ RUN      ] gadgetLib2.VariableStrictOrdering
[       OK ] gadgetLib2.VariableStrictOrdering (0 ms)
[ RUN      ] gadgetLib2.VariableSet
[       OK ] gadgetLib2.VariableSet (0 ms)
[ RUN      ] gadgetLib2.VariableArray
[       OK ] gadgetLib2.VariableArray (1 ms)
[ RUN      ] gadgetLib2.VariableEval
[       OK ] gadgetLib2.VariableEval (1 ms)
[ RUN      ] gadgetLib2.FElem_FConst_fromLong
[       OK ] gadgetLib2.FElem_FConst_fromLong (0 ms)
[ RUN      ] gadgetLib2.FElem_FConst_fromInt
[       OK ] gadgetLib2.FElem_FConst_fromInt (0 ms)
[ RUN      ] gadgetLib2.FElem_FConst_copy
[       OK ] gadgetLib2.FElem_FConst_copy (1 ms)
[ RUN      ] gadgetLib2.FElem_FConst_move
[       OK ] gadgetLib2.FElem_FConst_move (0 ms)
[ RUN      ] gadgetLib2.FElem_FConst_assignment
[       OK ] gadgetLib2.FElem_FConst_assignment (0 ms)
[ RUN      ] gadgetLib2.FElem_FConst_asString
[       OK ] gadgetLib2.FElem_FConst_asString (1 ms)
[ RUN      ] gadgetLib2.FElem_FConst_fieldType
[       OK ] gadgetLib2.FElem_FConst_fieldType (0 ms)
[ RUN      ] gadgetLib2.FElem_FConst_operatorEquals
[       OK ] gadgetLib2.FElem_FConst_operatorEquals (0 ms)
[ RUN      ] gadgetLib2.FElem_FConst_operatorPlus
[       OK ] gadgetLib2.FElem_FConst_operatorPlus (1 ms)
[ RUN      ] gadgetLib2.FElem_FConst_operatorMinus
[       OK ] gadgetLib2.FElem_FConst_operatorMinus (0 ms)
[ RUN      ] gadgetLib2.FElem_FConst_operatorTimes
[       OK ] gadgetLib2.FElem_FConst_operatorTimes (0 ms)
[ RUN      ] gadgetLib2.FElem_FConst_operatorUnaryMinus
[       OK ] gadgetLib2.FElem_FConst_operatorUnaryMinus (0 ms)
[ RUN      ] gadgetLib2.FElem_FConst_operatorNotEquals
[       OK ] gadgetLib2.FElem_FConst_operatorNotEquals (1 ms)
[ RUN      ] gadgetLib2.FElem_FConst_inverse
[       OK ] gadgetLib2.FElem_FConst_inverse (0 ms)
[ RUN      ] gadgetLib2.FElem_R1P_Elem_constructor
[       OK ] gadgetLib2.FElem_R1P_Elem_constructor (0 ms)
[ RUN      ] gadgetLib2.FElem_R1P_Elem_copy
[       OK ] gadgetLib2.FElem_R1P_Elem_copy (1 ms)
[ RUN      ] gadgetLib2.FElem_R1P_Elem_assignment
[       OK ] gadgetLib2.FElem_R1P_Elem_assignment (0 ms)
[ RUN      ] gadgetLib2.FElem_R1P_Elem_move
[       OK ] gadgetLib2.FElem_R1P_Elem_move (1 ms)
[ RUN      ] gadgetLib2.FElem_R1P_Elem_assignFromLong
[       OK ] gadgetLib2.FElem_R1P_Elem_assignFromLong (0 ms)
[ RUN      ] gadgetLib2.FElem_R1P_Elem_asString
[       OK ] gadgetLib2.FElem_R1P_Elem_asString (0 ms)
[ RUN      ] gadgetLib2.FElem_R1P_Elem_fieldType
[       OK ] gadgetLib2.FElem_R1P_Elem_fieldType (1 ms)
[ RUN      ] gadgetLib2.FElem_R1P_Elem_operatorEquals
[       OK ] gadgetLib2.FElem_R1P_Elem_operatorEquals (0 ms)
[ RUN      ] gadgetLib2.FElem_R1P_Elem_negativeNums
[       OK ] gadgetLib2.FElem_R1P_Elem_negativeNums (0 ms)
[ RUN      ] gadgetLib2.FElem_R1P_Elem_operatorTimes
[       OK ] gadgetLib2.FElem_R1P_Elem_operatorTimes (0 ms)
[ RUN      ] gadgetLib2.FElem_R1P_Elem_operatorPlus
[       OK ] gadgetLib2.FElem_R1P_Elem_operatorPlus (1 ms)
[ RUN      ] gadgetLib2.FElem_R1P_Elem_operatorMinus
[       OK ] gadgetLib2.FElem_R1P_Elem_operatorMinus (0 ms)
[ RUN      ] gadgetLib2.FElem_R1P_Elem_operatorUnaryMinus
[       OK ] gadgetLib2.FElem_R1P_Elem_operatorUnaryMinus (0 ms)
[ RUN      ] gadgetLib2.FElem_R1P_Elem_inverse
[       OK ] gadgetLib2.FElem_R1P_Elem_inverse (1 ms)
[ RUN      ] gadgetLib2.LinearTermConstructors
[       OK ] gadgetLib2.LinearTermConstructors (0 ms)
[ RUN      ] gadgetLib2.LinearTermUnaryMinus
[       OK ] gadgetLib2.LinearTermUnaryMinus (0 ms)
[ RUN      ] gadgetLib2.LinearTermFieldType
[       OK ] gadgetLib2.LinearTermFieldType (1 ms)
[ RUN      ] gadgetLib2.LinearTermAsString
[       OK ] gadgetLib2.LinearTermAsString (0 ms)
[ RUN      ] gadgetLib2.LinearTermOperatorTimes
[       OK ] gadgetLib2.LinearTermOperatorTimes (0 ms)
[ RUN      ] gadgetLib2.LinearCombination
[       OK ] gadgetLib2.LinearCombination (0 ms)
[ RUN      ] gadgetLib2.MonomialConstructors
[       OK ] gadgetLib2.MonomialConstructors (0 ms)
[ RUN      ] gadgetLib2.MonomialUnaryMinus
[       OK ] gadgetLib2.MonomialUnaryMinus (0 ms)
[ RUN      ] gadgetLib2.MonomialOperatorTimes
[       OK ] gadgetLib2.MonomialOperatorTimes (0 ms)
[ RUN      ] gadgetLib2.MonomialUsedVariables
[       OK ] gadgetLib2.MonomialUsedVariables (1 ms)
[ RUN      ] gadgetLib2.MonomialAsString
[       OK ] gadgetLib2.MonomialAsString (0 ms)
[ RUN      ] gadgetLib2.PolynomialConstructors
[       OK ] gadgetLib2.PolynomialConstructors (0 ms)
[ RUN      ] gadgetLib2.PolynomialUsedVariables
[       OK ] gadgetLib2.PolynomialUsedVariables (0 ms)
[ RUN      ] gadgetLib2.PolynomialOperatorPlus
[       OK ] gadgetLib2.PolynomialOperatorPlus (0 ms)
[ RUN      ] gadgetLib2.PolynomialAsString
[       OK ] gadgetLib2.PolynomialAsString (0 ms)
[ RUN      ] gadgetLib2.PolynomialOperatorTimes
[       OK ] gadgetLib2.PolynomialOperatorTimes (0 ms)
[ RUN      ] gadgetLib2.PolynomialOperatorMinus
[       OK ] gadgetLib2.PolynomialOperatorMinus (1 ms)
[ RUN      ] gadgetLib2.PolynomialUnaryMinus
[       OK ] gadgetLib2.PolynomialUnaryMinus (0 ms)
[----------] 51 tests from gadgetLib2 (14 ms total)

[----------] Global test environment tear-down
[==========] 51 tests from 1 test case ran. (14 ms total)
[  PASSED  ] 51 tests.
<end of output>
Test time =   0.02 sec
----------------------------------------------------------
Test Passed.
"gadgetlib2_variable_test" end time: Apr 19 06:22 UTC
"gadgetlib2_variable_test" time elapsed: 00:00:00
----------------------------------------------------------

10/23 Testing: relations_qap_test
10/23 Test: relations_qap_test
Command: "/root/libsnark/build/libsnark/relations_qap_test"
Directory: /root/libsnark/build/libsnark
"relations_qap_test" start time: Apr 19 06:22 UTC
Output:
----------------------------------------------------------
Reset time counters for profiling
(enter) Test QAP with binary input         	[             ]	(0.0001s x1.00 from start)
  (enter) Call to test_qap                   	[             ]	(0.0001s x0.99 from start)
    * QAP degree: 131072
    * Number of inputs: 10
    * Number of R1CS constraints: 131061
    * Input type: binary
    (enter) Generate constraint system and assignment	[             ]	(0.0001s x1.00 from start)
      (enter) Call to generate_r1cs_example_with_binary_input	[             ]	(0.0001s x0.99 from start)
      (leave) Call to generate_r1cs_example_with_binary_input	[0.1116s x1.00]	(0.1117s x1.00 from start)
    (leave) Generate constraint system and assignment	[0.1422s x1.00]	(0.1423s x1.00 from start)
    (enter) Check satisfiability of constraint system	[             ]	(0.1423s x1.00 from start)
    (leave) Check satisfiability of constraint system	[0.0005s x1.31]	(0.1428s x1.00 from start)
[...]
        (enter) Compute sum of H and ZK-patch      	[             ]	(8.1969s x1.00 from start)
        (leave) Compute sum of H and ZK-patch      	[0.0000s x1.02]	(8.1969s x1.00 from start)
      (leave) Call to uscs_to_ssp_witness_map    	[0.0055s x1.00]	(8.1969s x1.00 from start)
    (leave) Compute SSP witness                	[0.0055s x1.00]	(8.1969s x1.00 from start)
    (enter) Check satisfiability of SSP instance 1	[             ]	(8.1969s x1.00 from start)
    (leave) Check satisfiability of SSP instance 1	[0.0000s x1.15]	(8.1969s x1.00 from start)
    (enter) Check satisfiability of SSP instance 2	[             ]	(8.1969s x1.00 from start)
    (leave) Check satisfiability of SSP instance 2	[0.0000s x1.16]	(8.1969s x1.00 from start)
  (leave) Call to test_ssp                   	[0.0153s x1.00]	(8.1969s x1.00 from start)
  (enter) Call to test_ssp                   	[             ]	(8.1971s x1.00 from start)
    * Number of constraints: 262144
    * Number of inputs: 10
    * Input type: field
    (enter) Generate constraint system and assignment	[             ]	(8.1971s x1.00 from start)
      (enter) Call to generate_uscs_example_with_field_input	[             ]	(8.1971s x1.00 from start)
      (leave) Call to generate_uscs_example_with_field_input	[0.8614s x1.00]	(9.0585s x1.00 from start)
    (leave) Generate constraint system and assignment	[0.8776s x1.00]	(9.0747s x1.00 from start)
    (enter) Check satisfiability of constraint system	[             ]	(9.0747s x1.00 from start)
    (leave) Check satisfiability of constraint system	[0.0000s x0.93]	(9.0747s x1.00 from start)
    (enter) Compute SSP instance 1             	[             ]	(9.0748s x1.00 from start)
      (enter) Call to uscs_to_ssp_instance_map   	[             ]	(9.0748s x1.00 from start)
        (enter) Compute polynomials V in Lagrange basis	[             ]	(9.0748s x1.00 from start)
        (leave) Compute polynomials V in Lagrange basis	[0.2158s x1.00]	(9.2906s x1.00 from start)
      (leave) Call to uscs_to_ssp_instance_map   	[0.2159s x1.00]	(9.2907s x1.00 from start)
    (leave) Compute SSP instance 1             	[0.2159s x1.00]	(9.2907s x1.00 from start)
    (enter) Compute SSP instance 2             	[             ]	(9.2907s x1.00 from start)
      (enter) Call to uscs_to_ssp_instance_map_with_evaluation	[             ]	(9.2907s x1.00 from start)
        (enter) Compute evaluations of V and H at t	[             ]	(9.2930s x1.00 from start)
        (leave) Compute evaluations of V and H at t	[0.8680s x1.00]	(10.1609s x1.00 from start)
      (leave) Call to uscs_to_ssp_instance_map_with_evaluation	[0.8703s x1.00]	(10.1610s x1.00 from start)
    (leave) Compute SSP instance 2             	[0.8703s x1.00]	(10.1610s x1.00 from start)
    (enter) Compute SSP witness                	[             ]	(10.1610s x1.00 from start)
      (enter) Call to uscs_to_ssp_witness_map    	[             ]	(10.1610s x1.00 from start)
        (enter) Compute evaluation of polynomial V on set S	[             ]	(10.1695s x1.00 from start)
        (leave) Compute evaluation of polynomial V on set S	[0.0767s x1.00]	(10.2462s x1.00 from start)
        (enter) Compute coefficients of polynomial V	[             ]	(10.2462s x1.00 from start)
        (leave) Compute coefficients of polynomial V	[0.3527s x1.00]	(10.5990s x1.00 from start)
        (enter) Compute ZK-patch                   	[             ]	(10.5990s x1.00 from start)
        (leave) Compute ZK-patch                   	[0.0449s x1.00]	(10.6439s x1.00 from start)
        (enter) Compute evaluation of polynomial V on set T	[             ]	(10.6439s x1.00 from start)
        (leave) Compute evaluation of polynomial V on set T	[0.3538s x1.00]	(10.9977s x1.00 from start)
        (enter) Compute evaluation of polynomial H on set T	[             ]	(10.9978s x1.00 from start)
          (enter) Divide by Z on set T               	[             ]	(11.0294s x1.00 from start)
          (leave) Divide by Z on set T               	[0.0130s x1.00]	(11.0423s x1.00 from start)
        (leave) Compute evaluation of polynomial H on set T	[0.0446s x1.00]	(11.0423s x1.00 from start)
        (enter) Compute coefficients of polynomial H	[             ]	(11.0423s x1.00 from start)
        (leave) Compute coefficients of polynomial H	[0.3758s x1.00]	(11.4181s x1.00 from start)
        (enter) Compute sum of H and ZK-patch      	[             ]	(11.4182s x1.00 from start)
        (leave) Compute sum of H and ZK-patch      	[0.0025s x1.00]	(11.4206s x1.00 from start)
      (leave) Call to uscs_to_ssp_witness_map    	[1.2597s x1.00]	(11.4206s x1.00 from start)
    (leave) Compute SSP witness                	[1.2627s x1.00]	(11.4237s x1.00 from start)
    (enter) Check satisfiability of SSP instance 1	[             ]	(11.4237s x1.00 from start)
    (leave) Check satisfiability of SSP instance 1	[0.0000s x1.03]	(11.4237s x1.00 from start)
    (enter) Check satisfiability of SSP instance 2	[             ]	(11.4237s x1.00 from start)
    (leave) Check satisfiability of SSP instance 2	[0.0000s x1.16]	(11.4237s x1.00 from start)
  (leave) Call to test_ssp                   	[3.2267s x1.00]	(11.4237s x1.00 from start)
  (enter) Call to test_ssp                   	[             ]	(11.6375s x1.00 from start)
    * Number of constraints: 262143
    * Number of inputs: 10
    * Input type: field
    (enter) Generate constraint system and assignment	[             ]	(11.6376s x1.00 from start)
      (enter) Call to generate_uscs_example_with_field_input	[             ]	(11.6376s x1.00 from start)
      (leave) Call to generate_uscs_example_with_field_input	[0.8574s x1.00]	(12.4950s x1.00 from start)
    (leave) Generate constraint system and assignment	[0.8732s x1.00]	(12.5108s x1.00 from start)
    (enter) Check satisfiability of constraint system	[             ]	(12.5108s x1.00 from start)
    (leave) Check satisfiability of constraint system	[0.0000s x1.07]	(12.5108s x1.00 from start)
    (enter) Compute SSP instance 1             	[             ]	(12.5109s x1.00 from start)
      (enter) Call to uscs_to_ssp_instance_map   	[             ]	(12.5109s x1.00 from start)
        (enter) Compute polynomials V in Lagrange basis	[             ]	(12.5109s x1.00 from start)
        (leave) Compute polynomials V in Lagrange basis	[0.1919s x1.00]	(12.7029s x1.00 from start)
      (leave) Call to uscs_to_ssp_instance_map   	[0.1920s x1.00]	(12.7029s x1.00 from start)
    (leave) Compute SSP instance 1             	[0.1920s x1.00]	(12.7029s x1.00 from start)
    (enter) Compute SSP instance 2             	[             ]	(12.7029s x1.00 from start)
      (enter) Call to uscs_to_ssp_instance_map_with_evaluation	[             ]	(12.7029s x1.00 from start)
        (enter) Compute evaluations of V and H at t	[             ]	(12.7051s x1.00 from start)
        (leave) Compute evaluations of V and H at t	[0.8209s x1.00]	(13.5259s x1.00 from start)
      (leave) Call to uscs_to_ssp_instance_map_with_evaluation	[0.8231s x1.00]	(13.5260s x1.00 from start)
    (leave) Compute SSP instance 2             	[0.8231s x1.00]	(13.5260s x1.00 from start)
    (enter) Compute SSP witness                	[             ]	(13.5260s x1.00 from start)
      (enter) Call to uscs_to_ssp_witness_map    	[             ]	(13.5260s x1.00 from start)
        (enter) Compute evaluation of polynomial V on set S	[             ]	(13.5283s x1.00 from start)
        (leave) Compute evaluation of polynomial V on set S	[0.0765s x1.00]	(13.6049s x1.00 from start)
        (enter) Compute coefficients of polynomial V	[             ]	(13.6049s x1.00 from start)
        (leave) Compute coefficients of polynomial V	[0.3594s x1.00]	(13.9642s x1.00 from start)
        (enter) Compute ZK-patch                   	[             ]	(13.9642s x1.00 from start)
        (leave) Compute ZK-patch                   	[0.0460s x1.00]	(14.0102s x1.00 from start)
        (enter) Compute evaluation of polynomial V on set T	[             ]	(14.0102s x1.00 from start)
        (leave) Compute evaluation of polynomial V on set T	[0.3612s x1.00]	(14.3714s x1.00 from start)
        (enter) Compute evaluation of polynomial H on set T	[             ]	(14.3715s x1.00 from start)
          (enter) Divide by Z on set T               	[             ]	(14.4031s x1.00 from start)
          (leave) Divide by Z on set T               	[0.0127s x1.00]	(14.4158s x1.00 from start)
        (leave) Compute evaluation of polynomial H on set T	[0.0444s x1.00]	(14.4158s x1.00 from start)
        (enter) Compute coefficients of polynomial H	[             ]	(14.4158s x1.00 from start)
        (leave) Compute coefficients of polynomial H	[0.3851s x1.00]	(14.8009s x1.00 from start)
        (enter) Compute sum of H and ZK-patch      	[             ]	(14.8009s x1.00 from start)
        (leave) Compute sum of H and ZK-patch      	[0.0025s x1.00]	(14.8034s x1.00 from start)
      (leave) Call to uscs_to_ssp_witness_map    	[1.2775s x1.00]	(14.8034s x1.00 from start)
    (leave) Compute SSP witness                	[1.2804s x1.00]	(14.8064s x1.00 from start)
    (enter) Check satisfiability of SSP instance 1	[             ]	(14.8064s x1.00 from start)
    (leave) Check satisfiability of SSP instance 1	[0.0000s x1.14]	(14.8064s x1.00 from start)
    (enter) Check satisfiability of SSP instance 2	[             ]	(14.8064s x1.00 from start)
    (leave) Check satisfiability of SSP instance 2	[0.0000s x1.16]	(14.8064s x1.00 from start)
  (leave) Call to test_ssp                   	[3.1689s x1.00]	(14.8064s x1.00 from start)
(leave) Test SSP for field inputs          	[8.3464s x1.00]	(14.9773s x1.00 from start)
<end of output>
Test time =  14.99 sec
----------------------------------------------------------
Test Passed.
"relations_ssp_test" end time: Apr 19 06:23 UTC
"relations_ssp_test" time elapsed: 00:00:14
----------------------------------------------------------

13/23 Testing: zk_proof_systems_bacs_ppzksnark_test
13/23 Test: zk_proof_systems_bacs_ppzksnark_test
Command: "/root/libsnark/build/libsnark/zk_proof_systems_bacs_ppzksnark_test"
Directory: /root/libsnark/build/libsnark
"zk_proof_systems_bacs_ppzksnark_test" start time: Apr 19 06:23 UTC
Output:
----------------------------------------------------------
All tests here depend on assert() which is disabled by -DNDEBUG. Please recompile and run again.
<end of output>
Test time =   0.00 sec
----------------------------------------------------------
Test Passed.
"zk_proof_systems_bacs_ppzksnark_test" end time: Apr 19 06:23 UTC
"zk_proof_systems_bacs_ppzksnark_test" time elapsed: 00:00:00
----------------------------------------------------------

14/23 Testing: zk_proof_systems_r1cs_ppzksnark_test
14/23 Test: zk_proof_systems_r1cs_ppzksnark_test
Command: "/root/libsnark/build/libsnark/zk_proof_systems_r1cs_ppzksnark_test"
Directory: /root/libsnark/build/libsnark
"zk_proof_systems_r1cs_ppzksnark_test" start time: Apr 19 06:23 UTC
Output:
----------------------------------------------------------
All tests here depend on assert() which is disabled by -DNDEBUG. Please recompile and run again.
<end of output>
Test time =   0.00 sec
----------------------------------------------------------
Test Passed.
"zk_proof_systems_r1cs_ppzksnark_test" end time: Apr 19 06:23 UTC
"zk_proof_systems_r1cs_ppzksnark_test" time elapsed: 00:00:00
----------------------------------------------------------

15/23 Testing: zk_proof_systems_r1cs_se_ppzksnark_test
15/23 Test: zk_proof_systems_r1cs_se_ppzksnark_test
Command: "/root/libsnark/build/libsnark/zk_proof_systems_r1cs_se_ppzksnark_test"
Directory: /root/libsnark/build/libsnark
"zk_proof_systems_r1cs_se_ppzksnark_test" start time: Apr 19 06:23 UTC
Output:
----------------------------------------------------------
All tests here depend on assert() which is disabled by -DNDEBUG. Please recompile and run again.
<end of output>
Test time =   0.00 sec
----------------------------------------------------------
Test Passed.
"zk_proof_systems_r1cs_se_ppzksnark_test" end time: Apr 19 06:23 UTC
"zk_proof_systems_r1cs_se_ppzksnark_test" time elapsed: 00:00:00
----------------------------------------------------------

16/23 Testing: zk_proof_systems_r1cs_gg_ppzksnark_test
16/23 Test: zk_proof_systems_r1cs_gg_ppzksnark_test
Command: "/root/libsnark/build/libsnark/zk_proof_systems_r1cs_gg_ppzksnark_test"
Directory: /root/libsnark/build/libsnark
"zk_proof_systems_r1cs_gg_ppzksnark_test" start time: Apr 19 06:23 UTC
Output:
----------------------------------------------------------
All tests here depend on assert() which is disabled by -DNDEBUG. Please recompile and run again.
<end of output>
Test time =   0.00 sec
----------------------------------------------------------
Test Passed.
"zk_proof_systems_r1cs_gg_ppzksnark_test" end time: Apr 19 06:23 UTC
"zk_proof_systems_r1cs_gg_ppzksnark_test" time elapsed: 00:00:00
----------------------------------------------------------

17/23 Testing: zk_proof_systems_ram_ppzksnark_test
17/23 Test: zk_proof_systems_ram_ppzksnark_test
Command: "/root/libsnark/build/libsnark/zk_proof_systems_ram_ppzksnark_test"
Directory: /root/libsnark/build/libsnark
"zk_proof_systems_ram_ppzksnark_test" start time: Apr 19 06:23 UTC
Output:
----------------------------------------------------------
All tests here depend on assert() which is disabled by -DNDEBUG. Please recompile and run again.
<end of output>
Test time =   0.00 sec
----------------------------------------------------------
Test Passed.
"zk_proof_systems_ram_ppzksnark_test" end time: Apr 19 06:23 UTC
"zk_proof_systems_ram_ppzksnark_test" time elapsed: 00:00:00
----------------------------------------------------------

18/23 Testing: zk_proof_systems_tbcs_ppzksnark_test
18/23 Test: zk_proof_systems_tbcs_ppzksnark_test
Command: "/root/libsnark/build/libsnark/zk_proof_systems_tbcs_ppzksnark_test"
Directory: /root/libsnark/build/libsnark
"zk_proof_systems_tbcs_ppzksnark_test" start time: Apr 19 06:23 UTC
Output:
----------------------------------------------------------
All tests here depend on assert() which is disabled by -DNDEBUG. Please recompile and run again.
<end of output>
Test time =   0.01 sec
----------------------------------------------------------
Test Passed.
"zk_proof_systems_tbcs_ppzksnark_test" end time: Apr 19 06:23 UTC
"zk_proof_systems_tbcs_ppzksnark_test" time elapsed: 00:00:00
----------------------------------------------------------

19/23 Testing: zk_proof_systems_uscs_ppzksnark_test
19/23 Test: zk_proof_systems_uscs_ppzksnark_test
Command: "/root/libsnark/build/libsnark/zk_proof_systems_uscs_ppzksnark_test"
Directory: /root/libsnark/build/libsnark
"zk_proof_systems_uscs_ppzksnark_test" start time: Apr 19 06:23 UTC
Output:
----------------------------------------------------------
All tests here depend on assert() which is disabled by -DNDEBUG. Please recompile and run again.
<end of output>
Test time =   0.00 sec
----------------------------------------------------------
Test Passed.
"zk_proof_systems_uscs_ppzksnark_test" end time: Apr 19 06:23 UTC
"zk_proof_systems_uscs_ppzksnark_test" time elapsed: 00:00:00
----------------------------------------------------------

20/23 Testing: test_knapsack_gadget
20/23 Test: test_knapsack_gadget
Command: "/root/libsnark/build/libsnark/test_knapsack_gadget"
Directory: /root/libsnark/build/libsnark
"test_knapsack_gadget" start time: Apr 19 06:23 UTC
Output:
----------------------------------------------------------
All tests here depend on assert() which is disabled by -DNDEBUG. Please recompile and run again.
All tests here depend on assert() which is disabled by -DNDEBUG. Please recompile and run again.
All tests here depend on assert() which is disabled by -DNDEBUG. Please recompile and run again.
All tests here depend on assert() which is disabled by -DNDEBUG. Please recompile and run again.
<end of output>
Test time =   0.00 sec
----------------------------------------------------------
Test Passed.
"test_knapsack_gadget" end time: Apr 19 06:23 UTC
"test_knapsack_gadget" time elapsed: 00:00:00
----------------------------------------------------------

21/23 Testing: test_merkle_tree_gadgets
21/23 Test: test_merkle_tree_gadgets
Command: "/root/libsnark/build/libsnark/test_merkle_tree_gadgets"
Directory: /root/libsnark/build/libsnark
"test_merkle_tree_gadgets" start time: Apr 19 06:23 UTC
Output:
----------------------------------------------------------
Reset time counters for profiling
All tests here depend on assert() which is disabled by -DNDEBUG. Please recompile and run again.
All tests here depend on assert() which is disabled by -DNDEBUG. Please recompile and run again.
All tests here depend on assert() which is disabled by -DNDEBUG. Please recompile and run again.
All tests here depend on assert() which is disabled by -DNDEBUG. Please recompile and run again.
All tests here depend on assert() which is disabled by -DNDEBUG. Please recompile and run again.
All tests here depend on assert() which is disabled by -DNDEBUG. Please recompile and run again.
All tests here depend on assert() which is disabled by -DNDEBUG. Please recompile and run again.
All tests here depend on assert() which is disabled by -DNDEBUG. Please recompile and run again.
All tests here depend on assert() which is disabled by -DNDEBUG. Please recompile and run again.
All tests here depend on assert() which is disabled by -DNDEBUG. Please recompile and run again.
All tests here depend on assert() which is disabled by -DNDEBUG. Please recompile and run again.
All tests here depend on assert() which is disabled by -DNDEBUG. Please recompile and run again.
All tests here depend on assert() which is disabled by -DNDEBUG. Please recompile and run again.
All tests here depend on assert() which is disabled by -DNDEBUG. Please recompile and run again.
All tests here depend on assert() which is disabled by -DNDEBUG. Please recompile and run again.
All tests here depend on assert() which is disabled by -DNDEBUG. Please recompile and run again.
<end of output>
Test time =   0.00 sec
----------------------------------------------------------
Test Passed.
"test_merkle_tree_gadgets" end time: Apr 19 06:23 UTC
"test_merkle_tree_gadgets" time elapsed: 00:00:00
----------------------------------------------------------

22/23 Testing: test_set_commitment_gadget
22/23 Test: test_set_commitment_gadget
Command: "/root/libsnark/build/libsnark/test_set_commitment_gadget"
Directory: /root/libsnark/build/libsnark
"test_set_commitment_gadget" start time: Apr 19 06:23 UTC
Output:
----------------------------------------------------------
Reset time counters for profiling
membership tests OK
non-membership test OK
membership tests OK
non-membership test OK
membership tests OK
non-membership test OK
membership tests OK
non-membership test OK
membership tests OK
non-membership test OK
membership tests OK
non-membership test OK
membership tests OK
non-membership test OK
membership tests OK
non-membership test OK
<end of output>
Test time =   7.63 sec
----------------------------------------------------------
Test Passed.
"test_set_commitment_gadget" end time: Apr 19 06:23 UTC
"test_set_commitment_gadget" time elapsed: 00:00:07
----------------------------------------------------------

23/23 Testing: test_sha256_gadget
23/23 Test: test_sha256_gadget
Command: "/root/libsnark/build/libsnark/test_sha256_gadget"
Directory: /root/libsnark/build/libsnark
"test_sha256_gadget" start time: Apr 19 06:23 UTC
Output:
----------------------------------------------------------
Reset time counters for profiling
Number of constraints for sha256_two_to_one_hash_gadget: 27280
<end of output>
Test time =   0.05 sec
----------------------------------------------------------
Test Passed.
"test_sha256_gadget" end time: Apr 19 06:23 UTC
"test_sha256_gadget" time elapsed: 00:00:00
----------------------------------------------------------

End testing: Apr 19 06:23 UTC
